{"E:\\Octobit8\\Services\\Website Development\\Projects\\Hospitals\\multi-speciality-hospital\\src\\app\\layout.tsx": {"path":"E:\\Octobit8\\Services\\Website Development\\Projects\\Hospitals\\multi-speciality-hospital\\src\\app\\layout.tsx","statementMap":{"0":{"start":{"line":15,"column":24},"end":{"line":15,"column":35}},"1":{"start":{"line":10,"column":13},"end":{"line":10,"column":21}},"2":{"start":{"line":2,"column":22},"end":{"line":2,"column":null}},"3":{"start":{"line":3,"column":7},"end":{"line":3,"column":null}},"4":{"start":{"line":4,"column":23},"end":{"line":4,"column":null}},"5":{"start":{"line":5,"column":19},"end":{"line":5,"column":null}},"6":{"start":{"line":6,"column":20},"end":{"line":6,"column":null}},"7":{"start":{"line":8,"column":14},"end":{"line":8,"column":null}},"8":{"start":{"line":10,"column":34},"end":{"line":13,"column":null}}},"fnMap":{"0":{"name":"RootLayout","decl":{"start":{"line":15,"column":24},"end":{"line":15,"column":35}},"loc":{"start":{"line":19,"column":1},"end":{"line":32,"column":1}}}},"branchMap":{},"s":{"0":0,"1":0,"2":0,"3":0,"4":0,"5":0,"6":0,"7":0,"8":0},"f":{"0":0},"b":{}}
,"E:\\Octobit8\\Services\\Website Development\\Projects\\Hospitals\\multi-speciality-hospital\\src\\app\\page.tsx": {"path":"E:\\Octobit8\\Services\\Website Development\\Projects\\Hospitals\\multi-speciality-hospital\\src\\app\\page.tsx","statementMap":{"0":{"start":{"line":6,"column":24},"end":{"line":6,"column":null}},"1":{"start":{"line":1,"column":18},"end":{"line":1,"column":null}},"2":{"start":{"line":2,"column":59},"end":{"line":2,"column":null}},"3":{"start":{"line":3,"column":28},"end":{"line":3,"column":null}},"4":{"start":{"line":4,"column":17},"end":{"line":4,"column":null}},"5":{"start":{"line":75,"column":27},"end":{"line":75,"column":36}},"6":{"start":{"line":76,"column":14},"end":{"line":78,"column":null}}},"fnMap":{"0":{"name":"Home","decl":{"start":{"line":6,"column":24},"end":{"line":6,"column":null}},"loc":{"start":{"line":6,"column":24},"end":{"line":95,"column":null}}},"1":{"name":"(anonymous_3)","decl":{"start":{"line":74,"column":41},"end":{"line":74,"column":42}},"loc":{"start":{"line":74,"column":42},"end":{"line":89,"column":null}}}},"branchMap":{},"s":{"0":0,"1":0,"2":0,"3":0,"4":0,"5":0,"6":0},"f":{"0":0,"1":0},"b":{}}
,"E:\\Octobit8\\Services\\Website Development\\Projects\\Hospitals\\multi-speciality-hospital\\src\\app\\about\\page.tsx": {"path":"E:\\Octobit8\\Services\\Website Development\\Projects\\Hospitals\\multi-speciality-hospital\\src\\app\\about\\page.tsx","statementMap":{"0":{"start":{"line":5,"column":24},"end":{"line":5,"column":null}},"1":{"start":{"line":3,"column":59},"end":{"line":3,"column":null}}},"fnMap":{"0":{"name":"AboutPage","decl":{"start":{"line":5,"column":24},"end":{"line":5,"column":null}},"loc":{"start":{"line":5,"column":24},"end":{"line":110,"column":null}}}},"branchMap":{},"s":{"0":0,"1":0},"f":{"0":0},"b":{}}
,"E:\\Octobit8\\Services\\Website Development\\Projects\\Hospitals\\multi-speciality-hospital\\src\\app\\about\\gallery\\page.tsx": {"path":"E:\\Octobit8\\Services\\Website Development\\Projects\\Hospitals\\multi-speciality-hospital\\src\\app\\about\\gallery\\page.tsx","statementMap":{"0":{"start":{"line":85,"column":24},"end":{"line":85,"column":null}},"1":{"start":{"line":3,"column":18},"end":{"line":3,"column":null}},"2":{"start":{"line":4,"column":25},"end":{"line":4,"column":null}},"3":{"start":{"line":5,"column":24},"end":{"line":5,"column":null}},"4":{"start":{"line":7,"column":22},"end":{"line":83,"column":null}},"5":{"start":{"line":86,"column":44},"end":{"line":86,"column":null}},"6":{"start":{"line":87,"column":40},"end":{"line":87,"column":null}},"7":{"start":{"line":89,"column":27},"end":{"line":91,"column":null}},"8":{"start":{"line":90,"column":4},"end":{"line":90,"column":null}},"9":{"start":{"line":90,"column":28},"end":{"line":90,"column":null}},"10":{"start":{"line":110,"column":14},"end":{"line":111,"column":null}},"11":{"start":{"line":113,"column":31},"end":{"line":113,"column":null}},"12":{"start":{"line":123,"column":37},"end":{"line":123,"column":null}},"13":{"start":{"line":147,"column":27},"end":{"line":147,"column":null}}},"fnMap":{"0":{"name":"GalleryPage","decl":{"start":{"line":85,"column":24},"end":{"line":85,"column":null}},"loc":{"start":{"line":85,"column":24},"end":{"line":166,"column":null}}},"1":{"name":"(anonymous_3)","decl":{"start":{"line":89,"column":27},"end":{"line":89,"column":28}},"loc":{"start":{"line":89,"column":28},"end":{"line":91,"column":null}}},"2":{"name":"(anonymous_4)","decl":{"start":{"line":90,"column":19},"end":{"line":90,"column":28}},"loc":{"start":{"line":90,"column":28},"end":{"line":90,"column":null}}},"3":{"name":"(anonymous_5)","decl":{"start":{"line":109,"column":31},"end":{"line":109,"column":32}},"loc":{"start":{"line":110,"column":14},"end":{"line":111,"column":null}}},"4":{"name":"(anonymous_6)","decl":{"start":{"line":113,"column":25},"end":{"line":113,"column":31}},"loc":{"start":{"line":113,"column":31},"end":{"line":113,"column":null}}},"5":{"name":"(anonymous_7)","decl":{"start":{"line":123,"column":31},"end":{"line":123,"column":37}},"loc":{"start":{"line":123,"column":37},"end":{"line":123,"column":null}}},"6":{"name":"(anonymous_8)","decl":{"start":{"line":147,"column":21},"end":{"line":147,"column":27}},"loc":{"start":{"line":147,"column":27},"end":{"line":147,"column":null}}}},"branchMap":{"0":{"loc":{"start":{"line":113,"column":31},"end":{"line":113,"column":null}},"type":"binary-expr","locations":[{"start":{"line":113,"column":31},"end":{"line":113,"column":54}},{"start":{"line":113,"column":58},"end":{"line":113,"column":null}}]},"1":{"loc":{"start":{"line":117,"column":20},"end":{"line":127,"column":21}},"type":"cond-expr","locations":[{"start":{"line":117,"column":20},"end":{"line":127,"column":21}}]},"2":{"loc":{"start":{"line":144,"column":7},"end":{"line":144,"column":null}},"type":"binary-expr","locations":[{"start":{"line":144,"column":7},"end":{"line":144,"column":null}}]}},"s":{"0":0,"1":0,"2":0,"3":0,"4":0,"5":0,"6":0,"7":0,"8":0,"9":0,"10":0,"11":0,"12":0,"13":0},"f":{"0":0,"1":0,"2":0,"3":0,"4":0,"5":0,"6":0},"b":{"0":[0,0],"1":[0],"2":[0]}}
,"E:\\Octobit8\\Services\\Website Development\\Projects\\Hospitals\\multi-speciality-hospital\\src\\app\\contact\\page.tsx": {"path":"E:\\Octobit8\\Services\\Website Development\\Projects\\Hospitals\\multi-speciality-hospital\\src\\app\\contact\\page.tsx","statementMap":{"0":{"start":{"line":6,"column":24},"end":{"line":6,"column":null}},"1":{"start":{"line":3,"column":25},"end":{"line":3,"column":null}},"2":{"start":{"line":4,"column":61},"end":{"line":4,"column":null}},"3":{"start":{"line":7,"column":34},"end":{"line":13,"column":null}},"4":{"start":{"line":15,"column":23},"end":{"line":19,"column":null}},"5":{"start":{"line":16,"column":4},"end":{"line":16,"column":null}},"6":{"start":{"line":18,"column":4},"end":{"line":18,"column":null}},"7":{"start":{"line":21,"column":23},"end":{"line":24,"column":null}},"8":{"start":{"line":22,"column":28},"end":{"line":22,"column":36}},"9":{"start":{"line":23,"column":4},"end":{"line":23,"column":null}},"10":{"start":{"line":23,"column":25},"end":{"line":23,"column":null}}},"fnMap":{"0":{"name":"ContactPage","decl":{"start":{"line":6,"column":24},"end":{"line":6,"column":null}},"loc":{"start":{"line":6,"column":24},"end":{"line":181,"column":null}}},"1":{"name":"(anonymous_2)","decl":{"start":{"line":15,"column":23},"end":{"line":15,"column":24}},"loc":{"start":{"line":15,"column":24},"end":{"line":19,"column":null}}},"2":{"name":"(anonymous_3)","decl":{"start":{"line":21,"column":23},"end":{"line":21,"column":24}},"loc":{"start":{"line":21,"column":24},"end":{"line":24,"column":null}}},"3":{"name":"(anonymous_4)","decl":{"start":{"line":23,"column":16},"end":{"line":23,"column":25}},"loc":{"start":{"line":23,"column":25},"end":{"line":23,"column":null}}}},"branchMap":{},"s":{"0":0,"1":0,"2":0,"3":0,"4":0,"5":0,"6":0,"7":0,"8":0,"9":0,"10":0},"f":{"0":0,"1":0,"2":0,"3":0},"b":{}}
,"E:\\Octobit8\\Services\\Website Development\\Projects\\Hospitals\\multi-speciality-hospital\\src\\app\\departments\\data.ts": {"path":"E:\\Octobit8\\Services\\Website Development\\Projects\\Hospitals\\multi-speciality-hospital\\src\\app\\departments\\data.ts","statementMap":{"0":{"start":{"line":5,"column":13},"end":{"line":5,"column":41}},"1":{"start":{"line":2,"column":93},"end":{"line":2,"column":null}},"2":{"start":{"line":5,"column":41},"end":{"line":174,"column":null}}},"fnMap":{},"branchMap":{},"s":{"0":0,"1":0,"2":0},"f":{},"b":{}}
,"E:\\Octobit8\\Services\\Website Development\\Projects\\Hospitals\\multi-speciality-hospital\\src\\app\\departments\\page.tsx": {"path":"E:\\Octobit8\\Services\\Website Development\\Projects\\Hospitals\\multi-speciality-hospital\\src\\app\\departments\\page.tsx","statementMap":{"0":{"start":{"line":8,"column":24},"end":{"line":8,"column":null}},"1":{"start":{"line":3,"column":25},"end":{"line":3,"column":null}},"2":{"start":{"line":4,"column":17},"end":{"line":4,"column":null}},"3":{"start":{"line":5,"column":39},"end":{"line":5,"column":null}},"4":{"start":{"line":6,"column":40},"end":{"line":6,"column":null}},"5":{"start":{"line":9,"column":40},"end":{"line":9,"column":null}},"6":{"start":{"line":11,"column":30},"end":{"line":12,"column":null}},"7":{"start":{"line":12,"column":4},"end":{"line":12,"column":null}},"8":{"start":{"line":36,"column":31},"end":{"line":36,"column":null}},"9":{"start":{"line":47,"column":25},"end":{"line":47,"column":34}},"10":{"start":{"line":48,"column":12},"end":{"line":50,"column":null}}},"fnMap":{"0":{"name":"DepartmentsPage","decl":{"start":{"line":8,"column":24},"end":{"line":8,"column":null}},"loc":{"start":{"line":8,"column":24},"end":{"line":74,"column":null}}},"1":{"name":"(anonymous_3)","decl":{"start":{"line":11,"column":49},"end":{"line":11,"column":50}},"loc":{"start":{"line":12,"column":4},"end":{"line":12,"column":null}}},"2":{"name":"(anonymous_4)","decl":{"start":{"line":36,"column":24},"end":{"line":36,"column":25}},"loc":{"start":{"line":36,"column":31},"end":{"line":36,"column":null}}},"3":{"name":"(anonymous_5)","decl":{"start":{"line":46,"column":35},"end":{"line":46,"column":36}},"loc":{"start":{"line":46,"column":36},"end":{"line":69,"column":null}}}},"branchMap":{},"s":{"0":0,"1":0,"2":0,"3":0,"4":0,"5":0,"6":0,"7":0,"8":0,"9":0,"10":0},"f":{"0":0,"1":0,"2":0,"3":0},"b":{}}
,"E:\\Octobit8\\Services\\Website Development\\Projects\\Hospitals\\multi-speciality-hospital\\src\\app\\departments\\[slug]\\page.tsx": {"path":"E:\\Octobit8\\Services\\Website Development\\Projects\\Hospitals\\multi-speciality-hospital\\src\\app\\departments\\[slug]\\page.tsx","statementMap":{"0":{"start":{"line":10,"column":24},"end":{"line":10,"column":null}},"1":{"start":{"line":3,"column":25},"end":{"line":3,"column":null}},"2":{"start":{"line":4,"column":26},"end":{"line":4,"column":null}},"3":{"start":{"line":5,"column":17},"end":{"line":5,"column":null}},"4":{"start":{"line":6,"column":18},"end":{"line":6,"column":null}},"5":{"start":{"line":7,"column":141},"end":{"line":7,"column":null}},"6":{"start":{"line":8,"column":28},"end":{"line":8,"column":null}},"7":{"start":{"line":11,"column":17},"end":{"line":11,"column":null}},"8":{"start":{"line":12,"column":48},"end":{"line":12,"column":null}},"9":{"start":{"line":13,"column":34},"end":{"line":20,"column":null}},"10":{"start":{"line":22,"column":21},"end":{"line":22,"column":null}},"11":{"start":{"line":22,"column":48},"end":{"line":22,"column":73}},"12":{"start":{"line":24,"column":2},"end":{"line":40,"column":null}},"13":{"start":{"line":42,"column":23},"end":{"line":56,"column":null}},"14":{"start":{"line":43,"column":4},"end":{"line":43,"column":null}},"15":{"start":{"line":45,"column":4},"end":{"line":45,"column":null}},"16":{"start":{"line":46,"column":4},"end":{"line":46,"column":null}},"17":{"start":{"line":48,"column":4},"end":{"line":55,"column":null}},"18":{"start":{"line":58,"column":28},"end":{"line":64,"column":null}},"19":{"start":{"line":59,"column":28},"end":{"line":59,"column":36}},"20":{"start":{"line":60,"column":4},"end":{"line":63,"column":null}},"21":{"start":{"line":60,"column":25},"end":{"line":63,"column":null}},"22":{"start":{"line":80,"column":31},"end":{"line":80,"column":39}},"23":{"start":{"line":81,"column":16},"end":{"line":81,"column":null}},"24":{"start":{"line":117,"column":31},"end":{"line":117,"column":null}},"25":{"start":{"line":137,"column":18},"end":{"line":137,"column":37}},"26":{"start":{"line":150,"column":18},"end":{"line":150,"column":37}},"27":{"start":{"line":163,"column":18},"end":{"line":163,"column":41}},"28":{"start":{"line":172,"column":43},"end":{"line":172,"column":51}},"29":{"start":{"line":173,"column":28},"end":{"line":173,"column":null}},"30":{"start":{"line":174,"column":45},"end":{"line":174,"column":null}},"31":{"start":{"line":175,"column":28},"end":{"line":175,"column":null}},"32":{"start":{"line":175,"column":42},"end":{"line":175,"column":null}},"33":{"start":{"line":183,"column":59},"end":{"line":183,"column":63}},"34":{"start":{"line":209,"column":32},"end":{"line":209,"column":45}},"35":{"start":{"line":267,"column":31},"end":{"line":267,"column":null}},"36":{"start":{"line":296,"column":31},"end":{"line":296,"column":null}}},"fnMap":{"0":{"name":"DepartmentPage","decl":{"start":{"line":10,"column":24},"end":{"line":10,"column":null}},"loc":{"start":{"line":10,"column":24},"end":{"line":400,"column":null}}},"1":{"name":"(anonymous_3)","decl":{"start":{"line":22,"column":38},"end":{"line":22,"column":39}},"loc":{"start":{"line":22,"column":48},"end":{"line":22,"column":73}}},"2":{"name":"(anonymous_4)","decl":{"start":{"line":42,"column":23},"end":{"line":42,"column":24}},"loc":{"start":{"line":42,"column":24},"end":{"line":56,"column":null}}},"3":{"name":"(anonymous_5)","decl":{"start":{"line":58,"column":28},"end":{"line":58,"column":29}},"loc":{"start":{"line":58,"column":29},"end":{"line":64,"column":null}}},"4":{"name":"(anonymous_6)","decl":{"start":{"line":60,"column":16},"end":{"line":60,"column":25}},"loc":{"start":{"line":60,"column":25},"end":{"line":63,"column":null}}},"5":{"name":"(anonymous_7)","decl":{"start":{"line":79,"column":23},"end":{"line":79,"column":24}},"loc":{"start":{"line":79,"column":24},"end":{"line":82,"column":null}}},"6":{"name":"(anonymous_8)","decl":{"start":{"line":117,"column":25},"end":{"line":117,"column":31}},"loc":{"start":{"line":117,"column":31},"end":{"line":117,"column":null}}},"7":{"name":"(anonymous_9)","decl":{"start":{"line":136,"column":41},"end":{"line":136,"column":42}},"loc":{"start":{"line":137,"column":18},"end":{"line":137,"column":37}}},"8":{"name":"(anonymous_10)","decl":{"start":{"line":149,"column":41},"end":{"line":149,"column":42}},"loc":{"start":{"line":150,"column":18},"end":{"line":150,"column":37}}},"9":{"name":"(anonymous_11)","decl":{"start":{"line":162,"column":40},"end":{"line":162,"column":41}},"loc":{"start":{"line":163,"column":18},"end":{"line":163,"column":41}}},"10":{"name":"(anonymous_12)","decl":{"start":{"line":171,"column":35},"end":{"line":171,"column":36}},"loc":{"start":{"line":171,"column":36},"end":{"line":176,"column":null}}},"11":{"name":"(anonymous_13)","decl":{"start":{"line":183,"column":54},"end":{"line":183,"column":59}},"loc":{"start":{"line":183,"column":59},"end":{"line":183,"column":63}}},"12":{"name":"(anonymous_14)","decl":{"start":{"line":208,"column":56},"end":{"line":208,"column":57}},"loc":{"start":{"line":209,"column":32},"end":{"line":209,"column":45}}},"13":{"name":"(anonymous_15)","decl":{"start":{"line":267,"column":25},"end":{"line":267,"column":31}},"loc":{"start":{"line":267,"column":31},"end":{"line":267,"column":null}}},"14":{"name":"(anonymous_16)","decl":{"start":{"line":296,"column":25},"end":{"line":296,"column":31}},"loc":{"start":{"line":296,"column":31},"end":{"line":296,"column":null}}}},"branchMap":{"0":{"loc":{"start":{"line":24,"column":2},"end":{"line":40,"column":null}},"type":"if","locations":[{"start":{"line":24,"column":2},"end":{"line":40,"column":null}}]},"1":{"loc":{"start":{"line":175,"column":28},"end":{"line":175,"column":null}},"type":"if","locations":[{"start":{"line":175,"column":28},"end":{"line":175,"column":null}}]},"2":{"loc":{"start":{"line":189,"column":25},"end":{"line":189,"column":42}},"type":"binary-expr","locations":[{"start":{"line":189,"column":25},"end":{"line":189,"column":42}}]},"3":{"loc":{"start":{"line":195,"column":25},"end":{"line":195,"column":46}},"type":"binary-expr","locations":[{"start":{"line":195,"column":25},"end":{"line":195,"column":46}}]},"4":{"loc":{"start":{"line":201,"column":25},"end":{"line":201,"column":40}},"type":"binary-expr","locations":[{"start":{"line":201,"column":25},"end":{"line":201,"column":40}}]},"5":{"loc":{"start":{"line":288,"column":7},"end":{"line":288,"column":null}},"type":"binary-expr","locations":[{"start":{"line":288,"column":7},"end":{"line":288,"column":null}}]}},"s":{"0":0,"1":0,"2":0,"3":0,"4":0,"5":0,"6":0,"7":0,"8":0,"9":0,"10":0,"11":0,"12":0,"13":0,"14":0,"15":0,"16":0,"17":0,"18":0,"19":0,"20":0,"21":0,"22":0,"23":0,"24":0,"25":0,"26":0,"27":0,"28":0,"29":0,"30":0,"31":0,"32":0,"33":0,"34":0,"35":0,"36":0},"f":{"0":0,"1":0,"2":0,"3":0,"4":0,"5":0,"6":0,"7":0,"8":0,"9":0,"10":0,"11":0,"12":0,"13":0,"14":0},"b":{"0":[0],"1":[0],"2":[0],"3":[0],"4":[0],"5":[0]}}
,"E:\\Octobit8\\Services\\Website Development\\Projects\\Hospitals\\multi-speciality-hospital\\src\\app\\doctors\\layout.tsx": {"path":"E:\\Octobit8\\Services\\Website Development\\Projects\\Hospitals\\multi-speciality-hospital\\src\\app\\doctors\\layout.tsx","statementMap":{"0":{"start":{"line":1,"column":24},"end":{"line":1,"column":38}}},"fnMap":{"0":{"name":"DoctorsLayout","decl":{"start":{"line":1,"column":24},"end":{"line":1,"column":38}},"loc":{"start":{"line":5,"column":1},"end":{"line":11,"column":null}}}},"branchMap":{},"s":{"0":0},"f":{"0":0},"b":{}}
,"E:\\Octobit8\\Services\\Website Development\\Projects\\Hospitals\\multi-speciality-hospital\\src\\app\\doctors\\page.tsx": {"path":"E:\\Octobit8\\Services\\Website Development\\Projects\\Hospitals\\multi-speciality-hospital\\src\\app\\doctors\\page.tsx","statementMap":{"0":{"start":{"line":9,"column":24},"end":{"line":9,"column":null}},"1":{"start":{"line":3,"column":25},"end":{"line":3,"column":null}},"2":{"start":{"line":5,"column":17},"end":{"line":5,"column":null}},"3":{"start":{"line":7,"column":32},"end":{"line":7,"column":null}},"4":{"start":{"line":10,"column":30},"end":{"line":10,"column":null}},"5":{"start":{"line":11,"column":52},"end":{"line":11,"column":null}},"6":{"start":{"line":14,"column":32},"end":{"line":14,"column":null}},"7":{"start":{"line":14,"column":94},"end":{"line":14,"column":110}},"8":{"start":{"line":17,"column":26},"end":{"line":22,"column":null}},"9":{"start":{"line":18,"column":26},"end":{"line":19,"column":null}},"10":{"start":{"line":20,"column":29},"end":{"line":20,"column":null}},"11":{"start":{"line":21,"column":4},"end":{"line":21,"column":null}},"12":{"start":{"line":33,"column":29},"end":{"line":33,"column":null}},"13":{"start":{"line":39,"column":12},"end":{"line":40,"column":null}},"14":{"start":{"line":48,"column":33},"end":{"line":48,"column":null}}},"fnMap":{"0":{"name":"DoctorsPage","decl":{"start":{"line":9,"column":24},"end":{"line":9,"column":null}},"loc":{"start":{"line":9,"column":24},"end":{"line":68,"column":null}}},"1":{"name":"(anonymous_3)","decl":{"start":{"line":14,"column":74},"end":{"line":14,"column":75}},"loc":{"start":{"line":14,"column":94},"end":{"line":14,"column":110}}},"2":{"name":"(anonymous_4)","decl":{"start":{"line":17,"column":41},"end":{"line":17,"column":42}},"loc":{"start":{"line":17,"column":42},"end":{"line":22,"column":null}}},"3":{"name":"(anonymous_5)","decl":{"start":{"line":33,"column":22},"end":{"line":33,"column":23}},"loc":{"start":{"line":33,"column":29},"end":{"line":33,"column":null}}},"4":{"name":"(anonymous_6)","decl":{"start":{"line":38,"column":31},"end":{"line":38,"column":32}},"loc":{"start":{"line":39,"column":12},"end":{"line":40,"column":null}}},"5":{"name":"(anonymous_7)","decl":{"start":{"line":48,"column":25},"end":{"line":48,"column":26}},"loc":{"start":{"line":48,"column":33},"end":{"line":48,"column":null}}}},"branchMap":{"0":{"loc":{"start":{"line":18,"column":26},"end":{"line":19,"column":null}},"type":"binary-expr","locations":[{"start":{"line":18,"column":26},"end":{"line":18,"column":null}},{"start":{"line":19,"column":25},"end":{"line":19,"column":null}}]},"1":{"loc":{"start":{"line":20,"column":29},"end":{"line":20,"column":null}},"type":"binary-expr","locations":[{"start":{"line":20,"column":29},"end":{"line":20,"column":60}},{"start":{"line":20,"column":60},"end":{"line":20,"column":null}}]},"2":{"loc":{"start":{"line":21,"column":11},"end":{"line":21,"column":null}},"type":"binary-expr","locations":[{"start":{"line":21,"column":11},"end":{"line":21,"column":28}},{"start":{"line":21,"column":28},"end":{"line":21,"column":null}}]},"3":{"loc":{"start":{"line":52,"column":15},"end":{"line":52,"column":35}},"type":"binary-expr","locations":[{"start":{"line":52,"column":15},"end":{"line":52,"column":35}}]},"4":{"loc":{"start":{"line":55,"column":15},"end":{"line":55,"column":30}},"type":"binary-expr","locations":[{"start":{"line":55,"column":15},"end":{"line":55,"column":30}}]},"5":{"loc":{"start":{"line":62,"column":9},"end":{"line":62,"column":null}},"type":"binary-expr","locations":[{"start":{"line":62,"column":9},"end":{"line":62,"column":null}}]}},"s":{"0":0,"1":0,"2":0,"3":0,"4":0,"5":0,"6":0,"7":0,"8":0,"9":0,"10":0,"11":0,"12":0,"13":0,"14":0},"f":{"0":0,"1":0,"2":0,"3":0,"4":0,"5":0},"b":{"0":[0,0],"1":[0,0],"2":[0,0],"3":[0],"4":[0],"5":[0]}}
,"E:\\Octobit8\\Services\\Website Development\\Projects\\Hospitals\\multi-speciality-hospital\\src\\app\\doctors\\[id]\\page.tsx": {"path":"E:\\Octobit8\\Services\\Website Development\\Projects\\Hospitals\\multi-speciality-hospital\\src\\app\\doctors\\[id]\\page.tsx","statementMap":{"0":{"start":{"line":9,"column":24},"end":{"line":9,"column":null}},"1":{"start":{"line":3,"column":26},"end":{"line":3,"column":null}},"2":{"start":{"line":4,"column":18},"end":{"line":4,"column":null}},"3":{"start":{"line":5,"column":17},"end":{"line":5,"column":null}},"4":{"start":{"line":6,"column":148},"end":{"line":6,"column":null}},"5":{"start":{"line":7,"column":24},"end":{"line":7,"column":null}},"6":{"start":{"line":10,"column":17},"end":{"line":10,"column":null}},"7":{"start":{"line":11,"column":17},"end":{"line":11,"column":null}},"8":{"start":{"line":11,"column":35},"end":{"line":11,"column":53}},"9":{"start":{"line":13,"column":2},"end":{"line":25,"column":null}},"10":{"start":{"line":28,"column":22},"end":{"line":28,"column":null}},"11":{"start":{"line":28,"column":40},"end":{"line":28,"column":null}},"12":{"start":{"line":28,"column":65},"end":{"line":28,"column":69}},"13":{"start":{"line":83,"column":37},"end":{"line":83,"column":45}},"14":{"start":{"line":84,"column":22},"end":{"line":84,"column":null}},"15":{"start":{"line":85,"column":39},"end":{"line":85,"column":null}},"16":{"start":{"line":86,"column":22},"end":{"line":86,"column":null}},"17":{"start":{"line":86,"column":36},"end":{"line":86,"column":null}},"18":{"start":{"line":127,"column":20},"end":{"line":127,"column":35}},"19":{"start":{"line":145,"column":20},"end":{"line":145,"column":35}}},"fnMap":{"0":{"name":"DoctorProfilePage","decl":{"start":{"line":9,"column":24},"end":{"line":9,"column":null}},"loc":{"start":{"line":9,"column":24},"end":{"line":241,"column":null}}},"1":{"name":"(anonymous_3)","decl":{"start":{"line":11,"column":30},"end":{"line":11,"column":35}},"loc":{"start":{"line":11,"column":35},"end":{"line":11,"column":53}}},"2":{"name":"(anonymous_4)","decl":{"start":{"line":28,"column":22},"end":{"line":28,"column":23}},"loc":{"start":{"line":28,"column":40},"end":{"line":28,"column":null}}},"3":{"name":"(anonymous_5)","decl":{"start":{"line":28,"column":60},"end":{"line":28,"column":65}},"loc":{"start":{"line":28,"column":65},"end":{"line":28,"column":69}}},"4":{"name":"(anonymous_6)","decl":{"start":{"line":82,"column":29},"end":{"line":82,"column":30}},"loc":{"start":{"line":82,"column":30},"end":{"line":87,"column":null}}},"5":{"name":"(anonymous_7)","decl":{"start":{"line":126,"column":55},"end":{"line":126,"column":56}},"loc":{"start":{"line":127,"column":20},"end":{"line":127,"column":35}}},"6":{"name":"(anonymous_8)","decl":{"start":{"line":144,"column":44},"end":{"line":144,"column":45}},"loc":{"start":{"line":145,"column":20},"end":{"line":145,"column":35}}}},"branchMap":{"0":{"loc":{"start":{"line":13,"column":2},"end":{"line":25,"column":null}},"type":"if","locations":[{"start":{"line":13,"column":2},"end":{"line":25,"column":null}}]},"1":{"loc":{"start":{"line":40,"column":15},"end":{"line":40,"column":35}},"type":"binary-expr","locations":[{"start":{"line":40,"column":15},"end":{"line":40,"column":35}}]},"2":{"loc":{"start":{"line":43,"column":15},"end":{"line":43,"column":32}},"type":"binary-expr","locations":[{"start":{"line":43,"column":15},"end":{"line":43,"column":32}}]},"3":{"loc":{"start":{"line":46,"column":15},"end":{"line":46,"column":30}},"type":"binary-expr","locations":[{"start":{"line":46,"column":15},"end":{"line":46,"column":30}}]},"4":{"loc":{"start":{"line":51,"column":15},"end":{"line":51,"column":27}},"type":"binary-expr","locations":[{"start":{"line":51,"column":15},"end":{"line":51,"column":27}}]},"5":{"loc":{"start":{"line":56,"column":15},"end":{"line":56,"column":27}},"type":"binary-expr","locations":[{"start":{"line":56,"column":15},"end":{"line":56,"column":27}}]},"6":{"loc":{"start":{"line":86,"column":22},"end":{"line":86,"column":null}},"type":"if","locations":[{"start":{"line":86,"column":22},"end":{"line":86,"column":null}}]},"7":{"loc":{"start":{"line":100,"column":19},"end":{"line":100,"column":36}},"type":"binary-expr","locations":[{"start":{"line":100,"column":19},"end":{"line":100,"column":36}}]},"8":{"loc":{"start":{"line":119,"column":13},"end":{"line":119,"column":33}},"type":"binary-expr","locations":[{"start":{"line":119,"column":13},"end":{"line":119,"column":33}}]},"9":{"loc":{"start":{"line":137,"column":13},"end":{"line":137,"column":28}},"type":"binary-expr","locations":[{"start":{"line":137,"column":13},"end":{"line":137,"column":28}},{"start":{"line":137,"column":32},"end":{"line":137,"column":55}}]},"10":{"loc":{"start":{"line":156,"column":14},"end":{"line":156,"column":26}},"type":"binary-expr","locations":[{"start":{"line":156,"column":14},"end":{"line":156,"column":26}},{"start":{"line":156,"column":30},"end":{"line":156,"column":42}},{"start":{"line":156,"column":46},"end":{"line":156,"column":60}}]},"11":{"loc":{"start":{"line":160,"column":19},"end":{"line":160,"column":31}},"type":"binary-expr","locations":[{"start":{"line":160,"column":19},"end":{"line":160,"column":31}}]},"12":{"loc":{"start":{"line":166,"column":19},"end":{"line":166,"column":31}},"type":"binary-expr","locations":[{"start":{"line":166,"column":19},"end":{"line":166,"column":31}}]},"13":{"loc":{"start":{"line":172,"column":19},"end":{"line":172,"column":34}},"type":"binary-expr","locations":[{"start":{"line":172,"column":19},"end":{"line":172,"column":34}}]}},"s":{"0":0,"1":0,"2":0,"3":0,"4":0,"5":0,"6":0,"7":0,"8":0,"9":0,"10":0,"11":0,"12":0,"13":0,"14":0,"15":0,"16":0,"17":0,"18":0,"19":0},"f":{"0":0,"1":0,"2":0,"3":0,"4":0,"5":0,"6":0},"b":{"0":[0],"1":[0],"2":[0],"3":[0],"4":[0],"5":[0],"6":[0],"7":[0],"8":[0],"9":[0,0],"10":[0,0,0],"11":[0],"12":[0],"13":[0]}}
,"E:\\Octobit8\\Services\\Website Development\\Projects\\Hospitals\\multi-speciality-hospital\\src\\app\\services\\layout.tsx": {"path":"E:\\Octobit8\\Services\\Website Development\\Projects\\Hospitals\\multi-speciality-hospital\\src\\app\\services\\layout.tsx","statementMap":{"0":{"start":{"line":1,"column":24},"end":{"line":1,"column":39}}},"fnMap":{"0":{"name":"ServicesLayout","decl":{"start":{"line":1,"column":24},"end":{"line":1,"column":39}},"loc":{"start":{"line":5,"column":1},"end":{"line":11,"column":null}}}},"branchMap":{},"s":{"0":0},"f":{"0":0},"b":{}}
,"E:\\Octobit8\\Services\\Website Development\\Projects\\Hospitals\\multi-speciality-hospital\\src\\app\\services\\diagnostics\\page.tsx": {"path":"E:\\Octobit8\\Services\\Website Development\\Projects\\Hospitals\\multi-speciality-hospital\\src\\app\\services\\diagnostics\\page.tsx","statementMap":{"0":{"start":{"line":6,"column":24},"end":{"line":6,"column":null}},"1":{"start":{"line":3,"column":18},"end":{"line":3,"column":null}},"2":{"start":{"line":4,"column":75},"end":{"line":4,"column":null}}},"fnMap":{"0":{"name":"DiagnosticsPage","decl":{"start":{"line":6,"column":24},"end":{"line":6,"column":null}},"loc":{"start":{"line":6,"column":24},"end":{"line":133,"column":null}}}},"branchMap":{},"s":{"0":0,"1":0,"2":0},"f":{"0":0},"b":{}}
,"E:\\Octobit8\\Services\\Website Development\\Projects\\Hospitals\\multi-speciality-hospital\\src\\app\\services\\emergency\\page.tsx": {"path":"E:\\Octobit8\\Services\\Website Development\\Projects\\Hospitals\\multi-speciality-hospital\\src\\app\\services\\emergency\\page.tsx","statementMap":{"0":{"start":{"line":6,"column":24},"end":{"line":6,"column":null}},"1":{"start":{"line":3,"column":18},"end":{"line":3,"column":null}},"2":{"start":{"line":4,"column":81},"end":{"line":4,"column":null}}},"fnMap":{"0":{"name":"EmergencyPage","decl":{"start":{"line":6,"column":24},"end":{"line":6,"column":null}},"loc":{"start":{"line":6,"column":24},"end":{"line":100,"column":null}}}},"branchMap":{},"s":{"0":0,"1":0,"2":0},"f":{"0":0},"b":{}}
,"E:\\Octobit8\\Services\\Website Development\\Projects\\Hospitals\\multi-speciality-hospital\\src\\app\\services\\pharmacy\\page.tsx": {"path":"E:\\Octobit8\\Services\\Website Development\\Projects\\Hospitals\\multi-speciality-hospital\\src\\app\\services\\pharmacy\\page.tsx","statementMap":{"0":{"start":{"line":6,"column":24},"end":{"line":6,"column":null}},"1":{"start":{"line":3,"column":18},"end":{"line":3,"column":null}},"2":{"start":{"line":4,"column":90},"end":{"line":4,"column":null}}},"fnMap":{"0":{"name":"PharmacyPage","decl":{"start":{"line":6,"column":24},"end":{"line":6,"column":null}},"loc":{"start":{"line":6,"column":24},"end":{"line":133,"column":null}}}},"branchMap":{},"s":{"0":0,"1":0,"2":0},"f":{"0":0},"b":{}}
,"E:\\Octobit8\\Services\\Website Development\\Projects\\Hospitals\\multi-speciality-hospital\\src\\components\\Chatbot.tsx": {"path":"E:\\Octobit8\\Services\\Website Development\\Projects\\Hospitals\\multi-speciality-hospital\\src\\components\\Chatbot.tsx","statementMap":{"0":{"start":{"line":33,"column":24},"end":{"line":33,"column":null}},"1":{"start":{"line":3,"column":44},"end":{"line":3,"column":null}},"2":{"start":{"line":4,"column":124},"end":{"line":4,"column":null}},"3":{"start":{"line":5,"column":27},"end":{"line":5,"column":null}},"4":{"start":{"line":34,"column":30},"end":{"line":34,"column":null}},"5":{"start":{"line":35,"column":34},"end":{"line":42,"column":null}},"6":{"start":{"line":43,"column":42},"end":{"line":43,"column":null}},"7":{"start":{"line":44,"column":36},"end":{"line":44,"column":null}},"8":{"start":{"line":45,"column":36},"end":{"line":45,"column":null}},"9":{"start":{"line":46,"column":40},"end":{"line":46,"column":null}},"10":{"start":{"line":47,"column":46},"end":{"line":47,"column":null}},"11":{"start":{"line":48,"column":34},"end":{"line":48,"column":null}},"12":{"start":{"line":49,"column":25},"end":{"line":49,"column":null}},"13":{"start":{"line":50,"column":24},"end":{"line":50,"column":null}},"14":{"start":{"line":51,"column":25},"end":{"line":51,"column":null}},"15":{"start":{"line":52,"column":27},"end":{"line":52,"column":null}},"16":{"start":{"line":54,"column":2},"end":{"line":95,"column":null}},"17":{"start":{"line":56,"column":4},"end":{"line":77,"column":null}},"18":{"start":{"line":57,"column":32},"end":{"line":57,"column":62}},"19":{"start":{"line":58,"column":6},"end":{"line":58,"column":null}},"20":{"start":{"line":59,"column":6},"end":{"line":59,"column":null}},"21":{"start":{"line":60,"column":6},"end":{"line":60,"column":null}},"22":{"start":{"line":61,"column":6},"end":{"line":61,"column":null}},"23":{"start":{"line":63,"column":6},"end":{"line":67,"column":null}},"24":{"start":{"line":64,"column":27},"end":{"line":64,"column":57}},"25":{"start":{"line":65,"column":8},"end":{"line":65,"column":null}},"26":{"start":{"line":66,"column":8},"end":{"line":66,"column":null}},"27":{"start":{"line":69,"column":6},"end":{"line":71,"column":null}},"28":{"start":{"line":70,"column":8},"end":{"line":70,"column":null}},"29":{"start":{"line":73,"column":6},"end":{"line":76,"column":null}},"30":{"start":{"line":74,"column":8},"end":{"line":74,"column":null}},"31":{"start":{"line":75,"column":8},"end":{"line":75,"column":null}},"32":{"start":{"line":80,"column":26},"end":{"line":87,"column":null}},"33":{"start":{"line":81,"column":6},"end":{"line":86,"column":null}},"34":{"start":{"line":81,"column":26},"end":{"line":86,"column":null}},"35":{"start":{"line":89,"column":4},"end":{"line":89,"column":null}},"36":{"start":{"line":92,"column":4},"end":{"line":94,"column":null}},"37":{"start":{"line":93,"column":6},"end":{"line":93,"column":null}},"38":{"start":{"line":97,"column":25},"end":{"line":99,"column":null}},"39":{"start":{"line":98,"column":4},"end":{"line":98,"column":null}},"40":{"start":{"line":101,"column":2},"end":{"line":103,"column":null}},"41":{"start":{"line":102,"column":4},"end":{"line":102,"column":null}},"42":{"start":{"line":105,"column":28},"end":{"line":167,"column":null}},"43":{"start":{"line":106,"column":4},"end":{"line":166,"column":null}},"44":{"start":{"line":107,"column":35},"end":{"line":113,"column":null}},"45":{"start":{"line":114,"column":6},"end":{"line":114,"column":null}},"46":{"start":{"line":114,"column":26},"end":{"line":114,"column":null}},"47":{"start":{"line":115,"column":6},"end":{"line":115,"column":null}},"48":{"start":{"line":116,"column":6},"end":{"line":116,"column":null}},"49":{"start":{"line":117,"column":6},"end":{"line":117,"column":null}},"50":{"start":{"line":119,"column":6},"end":{"line":165,"column":null}},"51":{"start":{"line":121,"column":46},"end":{"line":126,"column":null}},"52":{"start":{"line":122,"column":25},"end":{"line":122,"column":null}},"53":{"start":{"line":123,"column":23},"end":{"line":126,"column":null}},"54":{"start":{"line":127,"column":8},"end":{"line":127,"column":null}},"55":{"start":{"line":129,"column":25},"end":{"line":129,"column":null}},"56":{"start":{"line":132,"column":8},"end":{"line":133,"column":null}},"57":{"start":{"line":132,"column":28},"end":{"line":133,"column":null}},"58":{"start":{"line":133,"column":10},"end":{"line":133,"column":null}},"59":{"start":{"line":137,"column":42},"end":{"line":143,"column":null}},"60":{"start":{"line":144,"column":8},"end":{"line":144,"column":null}},"61":{"start":{"line":144,"column":28},"end":{"line":144,"column":null}},"62":{"start":{"line":147,"column":8},"end":{"line":149,"column":null}},"63":{"start":{"line":148,"column":10},"end":{"line":148,"column":null}},"64":{"start":{"line":152,"column":8},"end":{"line":153,"column":null}},"65":{"start":{"line":152,"column":28},"end":{"line":153,"column":null}},"66":{"start":{"line":153,"column":10},"end":{"line":153,"column":null}},"67":{"start":{"line":156,"column":8},"end":{"line":161,"column":null}},"68":{"start":{"line":156,"column":28},"end":{"line":161,"column":null}},"69":{"start":{"line":163,"column":8},"end":{"line":163,"column":null}},"70":{"start":{"line":164,"column":8},"end":{"line":164,"column":null}},"71":{"start":{"line":169,"column":20},"end":{"line":175,"column":null}},"72":{"start":{"line":170,"column":4},"end":{"line":174,"column":null}},"73":{"start":{"line":171,"column":24},"end":{"line":171,"column":null}},"74":{"start":{"line":172,"column":6},"end":{"line":172,"column":null}},"75":{"start":{"line":173,"column":6},"end":{"line":173,"column":null}},"76":{"start":{"line":177,"column":27},"end":{"line":185,"column":null}},"77":{"start":{"line":178,"column":4},"end":{"line":184,"column":null}},"78":{"start":{"line":179,"column":6},"end":{"line":179,"column":null}},"79":{"start":{"line":180,"column":6},"end":{"line":180,"column":null}},"80":{"start":{"line":181,"column":11},"end":{"line":184,"column":null}},"81":{"start":{"line":182,"column":6},"end":{"line":182,"column":null}},"82":{"start":{"line":183,"column":6},"end":{"line":183,"column":null}},"83":{"start":{"line":187,"column":26},"end":{"line":192,"column":null}},"84":{"start":{"line":188,"column":4},"end":{"line":188,"column":null}},"85":{"start":{"line":189,"column":4},"end":{"line":191,"column":null}},"86":{"start":{"line":190,"column":6},"end":{"line":190,"column":null}},"87":{"start":{"line":194,"column":21},"end":{"line":219,"column":null}},"88":{"start":{"line":195,"column":4},"end":{"line":195,"column":null}},"89":{"start":{"line":196,"column":4},"end":{"line":218,"column":null}},"90":{"start":{"line":197,"column":19},"end":{"line":197,"column":null}},"91":{"start":{"line":198,"column":6},"end":{"line":207,"column":null}},"92":{"start":{"line":199,"column":8},"end":{"line":204,"column":null}},"93":{"start":{"line":199,"column":28},"end":{"line":204,"column":null}},"94":{"start":{"line":206,"column":8},"end":{"line":206,"column":null}},"95":{"start":{"line":209,"column":6},"end":{"line":209,"column":null}},"96":{"start":{"line":210,"column":6},"end":{"line":215,"column":null}},"97":{"start":{"line":210,"column":26},"end":{"line":215,"column":null}},"98":{"start":{"line":217,"column":6},"end":{"line":217,"column":null}},"99":{"start":{"line":221,"column":25},"end":{"line":225,"column":null}},"100":{"start":{"line":222,"column":4},"end":{"line":224,"column":null}},"101":{"start":{"line":223,"column":6},"end":{"line":223,"column":null}},"102":{"start":{"line":227,"column":28},"end":{"line":238,"column":null}},"103":{"start":{"line":228,"column":4},"end":{"line":228,"column":null}},"104":{"start":{"line":231,"column":4},"end":{"line":231,"column":null}},"105":{"start":{"line":232,"column":4},"end":{"line":234,"column":null}},"106":{"start":{"line":233,"column":6},"end":{"line":233,"column":null}},"107":{"start":{"line":235,"column":4},"end":{"line":237,"column":null}},"108":{"start":{"line":236,"column":6},"end":{"line":236,"column":null}},"109":{"start":{"line":244,"column":23},"end":{"line":244,"column":null}},"110":{"start":{"line":265,"column":14},"end":{"line":266,"column":null}},"111":{"start":{"line":323,"column":31},"end":{"line":323,"column":null}}},"fnMap":{"0":{"name":"Chatbot","decl":{"start":{"line":33,"column":24},"end":{"line":33,"column":null}},"loc":{"start":{"line":33,"column":24},"end":{"line":375,"column":null}}},"1":{"name":"(anonymous_2)","decl":{"start":{"line":54,"column":12},"end":{"line":54,"column":null}},"loc":{"start":{"line":54,"column":12},"end":{"line":95,"column":5}}},"2":{"name":"(anonymous_3)","decl":{"start":{"line":63,"column":40},"end":{"line":63,"column":41}},"loc":{"start":{"line":63,"column":41},"end":{"line":67,"column":null}}},"3":{"name":"(anonymous_4)","decl":{"start":{"line":69,"column":37},"end":{"line":69,"column":null}},"loc":{"start":{"line":69,"column":37},"end":{"line":71,"column":null}}},"4":{"name":"(anonymous_5)","decl":{"start":{"line":73,"column":39},"end":{"line":73,"column":40}},"loc":{"start":{"line":73,"column":40},"end":{"line":76,"column":null}}},"5":{"name":"(anonymous_6)","decl":{"start":{"line":80,"column":26},"end":{"line":80,"column":null}},"loc":{"start":{"line":80,"column":26},"end":{"line":87,"column":null}}},"6":{"name":"(anonymous_7)","decl":{"start":{"line":81,"column":18},"end":{"line":81,"column":26}},"loc":{"start":{"line":81,"column":26},"end":{"line":86,"column":null}}},"7":{"name":"(anonymous_8)","decl":{"start":{"line":92,"column":11},"end":{"line":92,"column":null}},"loc":{"start":{"line":92,"column":11},"end":{"line":94,"column":null}}},"8":{"name":"(anonymous_9)","decl":{"start":{"line":97,"column":25},"end":{"line":97,"column":null}},"loc":{"start":{"line":97,"column":25},"end":{"line":99,"column":null}}},"9":{"name":"(anonymous_10)","decl":{"start":{"line":101,"column":12},"end":{"line":101,"column":null}},"loc":{"start":{"line":101,"column":12},"end":{"line":103,"column":5}}},"10":{"name":"(anonymous_11)","decl":{"start":{"line":105,"column":28},"end":{"line":105,"column":35}},"loc":{"start":{"line":105,"column":57},"end":{"line":167,"column":null}}},"11":{"name":"(anonymous_12)","decl":{"start":{"line":114,"column":18},"end":{"line":114,"column":26}},"loc":{"start":{"line":114,"column":26},"end":{"line":114,"column":null}}},"12":{"name":"(anonymous_13)","decl":{"start":{"line":122,"column":18},"end":{"line":122,"column":25}},"loc":{"start":{"line":122,"column":25},"end":{"line":122,"column":null}}},"13":{"name":"(anonymous_14)","decl":{"start":{"line":123,"column":15},"end":{"line":123,"column":23}},"loc":{"start":{"line":123,"column":23},"end":{"line":126,"column":null}}},"14":{"name":"(anonymous_15)","decl":{"start":{"line":132,"column":20},"end":{"line":132,"column":28}},"loc":{"start":{"line":132,"column":28},"end":{"line":133,"column":null}}},"15":{"name":"(anonymous_16)","decl":{"start":{"line":132,"column":37},"end":{"line":132,"column":null}},"loc":{"start":{"line":133,"column":10},"end":{"line":133,"column":null}}},"16":{"name":"(anonymous_17)","decl":{"start":{"line":144,"column":20},"end":{"line":144,"column":28}},"loc":{"start":{"line":144,"column":28},"end":{"line":144,"column":null}}},"17":{"name":"(anonymous_18)","decl":{"start":{"line":152,"column":20},"end":{"line":152,"column":28}},"loc":{"start":{"line":152,"column":28},"end":{"line":153,"column":null}}},"18":{"name":"(anonymous_19)","decl":{"start":{"line":152,"column":37},"end":{"line":152,"column":null}},"loc":{"start":{"line":153,"column":10},"end":{"line":153,"column":null}}},"19":{"name":"(anonymous_20)","decl":{"start":{"line":156,"column":20},"end":{"line":156,"column":28}},"loc":{"start":{"line":156,"column":28},"end":{"line":161,"column":null}}},"20":{"name":"(anonymous_21)","decl":{"start":{"line":169,"column":20},"end":{"line":169,"column":21}},"loc":{"start":{"line":169,"column":21},"end":{"line":175,"column":null}}},"21":{"name":"(anonymous_22)","decl":{"start":{"line":177,"column":27},"end":{"line":177,"column":null}},"loc":{"start":{"line":177,"column":27},"end":{"line":185,"column":null}}},"22":{"name":"(anonymous_23)","decl":{"start":{"line":187,"column":26},"end":{"line":187,"column":null}},"loc":{"start":{"line":187,"column":26},"end":{"line":192,"column":null}}},"23":{"name":"(anonymous_24)","decl":{"start":{"line":194,"column":21},"end":{"line":194,"column":null}},"loc":{"start":{"line":194,"column":21},"end":{"line":219,"column":null}}},"24":{"name":"(anonymous_25)","decl":{"start":{"line":199,"column":20},"end":{"line":199,"column":28}},"loc":{"start":{"line":199,"column":28},"end":{"line":204,"column":null}}},"25":{"name":"(anonymous_26)","decl":{"start":{"line":210,"column":18},"end":{"line":210,"column":26}},"loc":{"start":{"line":210,"column":26},"end":{"line":215,"column":null}}},"26":{"name":"(anonymous_27)","decl":{"start":{"line":221,"column":25},"end":{"line":221,"column":26}},"loc":{"start":{"line":221,"column":26},"end":{"line":225,"column":null}}},"27":{"name":"(anonymous_28)","decl":{"start":{"line":227,"column":28},"end":{"line":227,"column":29}},"loc":{"start":{"line":227,"column":29},"end":{"line":238,"column":null}}},"28":{"name":"(anonymous_29)","decl":{"start":{"line":235,"column":42},"end":{"line":235,"column":null}},"loc":{"start":{"line":235,"column":42},"end":{"line":237,"column":7}}},"29":{"name":"(anonymous_30)","decl":{"start":{"line":244,"column":17},"end":{"line":244,"column":23}},"loc":{"start":{"line":244,"column":23},"end":{"line":244,"column":null}}},"30":{"name":"(anonymous_31)","decl":{"start":{"line":264,"column":26},"end":{"line":264,"column":27}},"loc":{"start":{"line":265,"column":14},"end":{"line":266,"column":null}}},"31":{"name":"(anonymous_32)","decl":{"start":{"line":323,"column":25},"end":{"line":323,"column":31}},"loc":{"start":{"line":323,"column":31},"end":{"line":323,"column":null}}}},"branchMap":{"0":{"loc":{"start":{"line":56,"column":4},"end":{"line":77,"column":null}},"type":"if","locations":[{"start":{"line":56,"column":4},"end":{"line":77,"column":null}}]},"1":{"loc":{"start":{"line":56,"column":8},"end":{"line":56,"column":78}},"type":"binary-expr","locations":[{"start":{"line":56,"column":8},"end":{"line":56,"column":41}},{"start":{"line":56,"column":41},"end":{"line":56,"column":78}}]},"2":{"loc":{"start":{"line":105,"column":35},"end":{"line":105,"column":57}},"type":"default-arg","locations":[{"start":{"line":105,"column":45},"end":{"line":105,"column":57}}]},"3":{"loc":{"start":{"line":106,"column":4},"end":{"line":166,"column":null}},"type":"if","locations":[{"start":{"line":106,"column":4},"end":{"line":166,"column":null}}]},"4":{"loc":{"start":{"line":124,"column":18},"end":{"line":124,"column":null}},"type":"cond-expr","locations":[{"start":{"line":124,"column":31},"end":{"line":124,"column":40}},{"start":{"line":124,"column":40},"end":{"line":124,"column":null}}]},"5":{"loc":{"start":{"line":133,"column":10},"end":{"line":133,"column":null}},"type":"cond-expr","locations":[{"start":{"line":133,"column":32},"end":{"line":133,"column":61}},{"start":{"line":133,"column":61},"end":{"line":133,"column":null}}]},"6":{"loc":{"start":{"line":147,"column":8},"end":{"line":149,"column":null}},"type":"if","locations":[{"start":{"line":147,"column":8},"end":{"line":149,"column":null}}]},"7":{"loc":{"start":{"line":153,"column":10},"end":{"line":153,"column":null}},"type":"cond-expr","locations":[{"start":{"line":153,"column":32},"end":{"line":153,"column":62}},{"start":{"line":153,"column":62},"end":{"line":153,"column":null}}]},"8":{"loc":{"start":{"line":170,"column":4},"end":{"line":174,"column":null}},"type":"if","locations":[{"start":{"line":170,"column":4},"end":{"line":174,"column":null}}]},"9":{"loc":{"start":{"line":178,"column":4},"end":{"line":184,"column":null}},"type":"if","locations":[{"start":{"line":178,"column":4},"end":{"line":184,"column":null}},{"start":{"line":181,"column":11},"end":{"line":184,"column":null}}]},"10":{"loc":{"start":{"line":178,"column":8},"end":{"line":178,"column":46}},"type":"binary-expr","locations":[{"start":{"line":178,"column":8},"end":{"line":178,"column":24}},{"start":{"line":178,"column":24},"end":{"line":178,"column":46}}]},"11":{"loc":{"start":{"line":181,"column":11},"end":{"line":184,"column":null}},"type":"if","locations":[{"start":{"line":181,"column":11},"end":{"line":184,"column":null}}]},"12":{"loc":{"start":{"line":181,"column":15},"end":{"line":181,"column":52}},"type":"binary-expr","locations":[{"start":{"line":181,"column":15},"end":{"line":181,"column":30}},{"start":{"line":181,"column":30},"end":{"line":181,"column":52}}]},"13":{"loc":{"start":{"line":189,"column":4},"end":{"line":191,"column":null}},"type":"if","locations":[{"start":{"line":189,"column":4},"end":{"line":191,"column":null}}]},"14":{"loc":{"start":{"line":198,"column":6},"end":{"line":207,"column":null}},"type":"if","locations":[{"start":{"line":198,"column":6},"end":{"line":207,"column":null}},{"start":{"line":205,"column":13},"end":{"line":207,"column":null}}]},"15":{"loc":{"start":{"line":222,"column":4},"end":{"line":224,"column":null}},"type":"if","locations":[{"start":{"line":222,"column":4},"end":{"line":224,"column":null}}]},"16":{"loc":{"start":{"line":222,"column":8},"end":{"line":222,"column":41}},"type":"binary-expr","locations":[{"start":{"line":222,"column":8},"end":{"line":222,"column":29}},{"start":{"line":222,"column":29},"end":{"line":222,"column":41}}]},"17":{"loc":{"start":{"line":232,"column":4},"end":{"line":234,"column":null}},"type":"if","locations":[{"start":{"line":232,"column":4},"end":{"line":234,"column":null}}]},"18":{"loc":{"start":{"line":247,"column":18},"end":{"line":247,"column":43}},"type":"cond-expr","locations":[{"start":{"line":247,"column":18},"end":{"line":247,"column":43}}]},"19":{"loc":{"start":{"line":251,"column":7},"end":{"line":251,"column":null}},"type":"binary-expr","locations":[{"start":{"line":251,"column":7},"end":{"line":251,"column":null}}]},"20":{"loc":{"start":{"line":267,"column":35},"end":{"line":267,"column":84}},"type":"cond-expr","locations":[{"start":{"line":267,"column":52},"end":{"line":267,"column":68}},{"start":{"line":267,"column":68},"end":{"line":267,"column":84}}]},"21":{"loc":{"start":{"line":271,"column":20},"end":{"line":273,"column":null}},"type":"cond-expr","locations":[{"start":{"line":272,"column":24},"end":{"line":272,"column":null}},{"start":{"line":273,"column":24},"end":{"line":273,"column":null}}]},"22":{"loc":{"start":{"line":278,"column":21},"end":{"line":278,"column":36}},"type":"binary-expr","locations":[{"start":{"line":278,"column":21},"end":{"line":278,"column":36}}]},"23":{"loc":{"start":{"line":280,"column":25},"end":{"line":280,"column":null}},"type":"cond-expr","locations":[{"start":{"line":280,"column":42},"end":{"line":280,"column":49}},{"start":{"line":280,"column":49},"end":{"line":280,"column":null}}]},"24":{"loc":{"start":{"line":283,"column":21},"end":{"line":283,"column":null}},"type":"binary-expr","locations":[{"start":{"line":283,"column":21},"end":{"line":283,"column":null}}]},"25":{"loc":{"start":{"line":289,"column":21},"end":{"line":289,"column":null}},"type":"binary-expr","locations":[{"start":{"line":289,"column":21},"end":{"line":289,"column":null}}]},"26":{"loc":{"start":{"line":296,"column":13},"end":{"line":296,"column":25}},"type":"binary-expr","locations":[{"start":{"line":296,"column":13},"end":{"line":296,"column":25}},{"start":{"line":296,"column":25},"end":{"line":296,"column":null}}]},"27":{"loc":{"start":{"line":327,"column":17},"end":{"line":327,"column":null}},"type":"cond-expr","locations":[{"start":{"line":327,"column":29},"end":{"line":327,"column":71}},{"start":{"line":327,"column":70},"end":{"line":327,"column":null}}]},"28":{"loc":{"start":{"line":333,"column":18},"end":{"line":335,"column":null}},"type":"cond-expr","locations":[{"start":{"line":334,"column":22},"end":{"line":334,"column":null}},{"start":{"line":335,"column":22},"end":{"line":335,"column":null}}]},"29":{"loc":{"start":{"line":338,"column":17},"end":{"line":338,"column":null}},"type":"cond-expr","locations":[{"start":{"line":338,"column":31},"end":{"line":338,"column":55}},{"start":{"line":338,"column":55},"end":{"line":338,"column":null}}]},"30":{"loc":{"start":{"line":346,"column":16},"end":{"line":348,"column":null}},"type":"cond-expr","locations":[{"start":{"line":347,"column":20},"end":{"line":347,"column":null}},{"start":{"line":348,"column":20},"end":{"line":348,"column":null}}]},"31":{"loc":{"start":{"line":351,"column":39},"end":{"line":351,"column":null}},"type":"cond-expr","locations":[{"start":{"line":351,"column":56},"end":{"line":351,"column":71}},{"start":{"line":351,"column":71},"end":{"line":351,"column":null}}]},"32":{"loc":{"start":{"line":352,"column":21},"end":{"line":352,"column":null}},"type":"cond-expr","locations":[{"start":{"line":352,"column":38},"end":{"line":352,"column":56}},{"start":{"line":352,"column":56},"end":{"line":352,"column":null}}]},"33":{"loc":{"start":{"line":362,"column":16},"end":{"line":364,"column":null}},"type":"cond-expr","locations":[{"start":{"line":362,"column":16},"end":{"line":364,"column":null}}]}},"s":{"0":0,"1":0,"2":0,"3":0,"4":0,"5":0,"6":0,"7":0,"8":0,"9":0,"10":0,"11":0,"12":0,"13":0,"14":0,"15":0,"16":0,"17":0,"18":0,"19":0,"20":0,"21":0,"22":0,"23":0,"24":0,"25":0,"26":0,"27":0,"28":0,"29":0,"30":0,"31":0,"32":0,"33":0,"34":0,"35":0,"36":0,"37":0,"38":0,"39":0,"40":0,"41":0,"42":0,"43":0,"44":0,"45":0,"46":0,"47":0,"48":0,"49":0,"50":0,"51":0,"52":0,"53":0,"54":0,"55":0,"56":0,"57":0,"58":0,"59":0,"60":0,"61":0,"62":0,"63":0,"64":0,"65":0,"66":0,"67":0,"68":0,"69":0,"70":0,"71":0,"72":0,"73":0,"74":0,"75":0,"76":0,"77":0,"78":0,"79":0,"80":0,"81":0,"82":0,"83":0,"84":0,"85":0,"86":0,"87":0,"88":0,"89":0,"90":0,"91":0,"92":0,"93":0,"94":0,"95":0,"96":0,"97":0,"98":0,"99":0,"100":0,"101":0,"102":0,"103":0,"104":0,"105":0,"106":0,"107":0,"108":0,"109":0,"110":0,"111":0},"f":{"0":0,"1":0,"2":0,"3":0,"4":0,"5":0,"6":0,"7":0,"8":0,"9":0,"10":0,"11":0,"12":0,"13":0,"14":0,"15":0,"16":0,"17":0,"18":0,"19":0,"20":0,"21":0,"22":0,"23":0,"24":0,"25":0,"26":0,"27":0,"28":0,"29":0,"30":0,"31":0},"b":{"0":[0],"1":[0,0],"2":[0],"3":[0],"4":[0,0],"5":[0,0],"6":[0],"7":[0,0],"8":[0],"9":[0,0],"10":[0,0],"11":[0],"12":[0,0],"13":[0],"14":[0,0],"15":[0],"16":[0,0],"17":[0],"18":[0],"19":[0],"20":[0,0],"21":[0,0],"22":[0],"23":[0,0],"24":[0],"25":[0],"26":[0,0],"27":[0,0],"28":[0,0],"29":[0,0],"30":[0,0],"31":[0,0],"32":[0,0],"33":[0]}}
,"E:\\Octobit8\\Services\\Website Development\\Projects\\Hospitals\\multi-speciality-hospital\\src\\components\\ContactForm.tsx": {"path":"E:\\Octobit8\\Services\\Website Development\\Projects\\Hospitals\\multi-speciality-hospital\\src\\components\\ContactForm.tsx","statementMap":{"0":{"start":{"line":15,"column":24},"end":{"line":15,"column":36}},"1":{"start":{"line":1,"column":25},"end":{"line":1,"column":null}},"2":{"start":{"line":16,"column":34},"end":{"line":22,"column":null}},"3":{"start":{"line":24,"column":30},"end":{"line":24,"column":null}},"4":{"start":{"line":26,"column":23},"end":{"line":55,"column":null}},"5":{"start":{"line":27,"column":48},"end":{"line":27,"column":null}},"6":{"start":{"line":29,"column":4},"end":{"line":31,"column":null}},"7":{"start":{"line":30,"column":6},"end":{"line":30,"column":null}},"8":{"start":{"line":33,"column":4},"end":{"line":37,"column":null}},"9":{"start":{"line":34,"column":6},"end":{"line":34,"column":null}},"10":{"start":{"line":35,"column":11},"end":{"line":37,"column":null}},"11":{"start":{"line":36,"column":6},"end":{"line":36,"column":null}},"12":{"start":{"line":39,"column":4},"end":{"line":43,"column":null}},"13":{"start":{"line":40,"column":6},"end":{"line":40,"column":null}},"14":{"start":{"line":41,"column":11},"end":{"line":43,"column":null}},"15":{"start":{"line":42,"column":6},"end":{"line":42,"column":null}},"16":{"start":{"line":45,"column":4},"end":{"line":47,"column":null}},"17":{"start":{"line":46,"column":6},"end":{"line":46,"column":null}},"18":{"start":{"line":49,"column":4},"end":{"line":51,"column":null}},"19":{"start":{"line":50,"column":6},"end":{"line":50,"column":null}},"20":{"start":{"line":53,"column":4},"end":{"line":53,"column":null}},"21":{"start":{"line":54,"column":4},"end":{"line":54,"column":null}},"22":{"start":{"line":57,"column":23},"end":{"line":62,"column":null}},"23":{"start":{"line":58,"column":4},"end":{"line":58,"column":null}},"24":{"start":{"line":59,"column":4},"end":{"line":61,"column":null}},"25":{"start":{"line":60,"column":6},"end":{"line":60,"column":null}},"26":{"start":{"line":64,"column":23},"end":{"line":70,"column":null}},"27":{"start":{"line":65,"column":28},"end":{"line":65,"column":36}},"28":{"start":{"line":66,"column":4},"end":{"line":69,"column":null}},"29":{"start":{"line":66,"column":25},"end":{"line":69,"column":null}},"30":{"start":{"line":72,"column":21},"end":{"line":83,"column":null}},"31":{"start":{"line":73,"column":28},"end":{"line":73,"column":36}},"32":{"start":{"line":74,"column":4},"end":{"line":82,"column":null}},"33":{"start":{"line":75,"column":24},"end":{"line":75,"column":null}},"34":{"start":{"line":76,"column":6},"end":{"line":80,"column":null}},"35":{"start":{"line":77,"column":8},"end":{"line":77,"column":null}},"36":{"start":{"line":79,"column":8},"end":{"line":79,"column":null}},"37":{"start":{"line":81,"column":6},"end":{"line":81,"column":null}}},"fnMap":{"0":{"name":"ContactForm","decl":{"start":{"line":15,"column":24},"end":{"line":15,"column":36}},"loc":{"start":{"line":15,"column":66},"end":{"line":171,"column":null}}},"1":{"name":"(anonymous_2)","decl":{"start":{"line":26,"column":23},"end":{"line":26,"column":null}},"loc":{"start":{"line":26,"column":23},"end":{"line":55,"column":null}}},"2":{"name":"(anonymous_3)","decl":{"start":{"line":57,"column":23},"end":{"line":57,"column":24}},"loc":{"start":{"line":57,"column":24},"end":{"line":62,"column":null}}},"3":{"name":"(anonymous_4)","decl":{"start":{"line":64,"column":23},"end":{"line":64,"column":24}},"loc":{"start":{"line":64,"column":24},"end":{"line":70,"column":null}}},"4":{"name":"(anonymous_5)","decl":{"start":{"line":66,"column":16},"end":{"line":66,"column":25}},"loc":{"start":{"line":66,"column":25},"end":{"line":69,"column":null}}},"5":{"name":"(anonymous_6)","decl":{"start":{"line":72,"column":21},"end":{"line":72,"column":22}},"loc":{"start":{"line":72,"column":22},"end":{"line":83,"column":null}}}},"branchMap":{"0":{"loc":{"start":{"line":29,"column":4},"end":{"line":31,"column":null}},"type":"if","locations":[{"start":{"line":29,"column":4},"end":{"line":31,"column":null}}]},"1":{"loc":{"start":{"line":33,"column":4},"end":{"line":37,"column":null}},"type":"if","locations":[{"start":{"line":33,"column":4},"end":{"line":37,"column":null}},{"start":{"line":35,"column":11},"end":{"line":37,"column":null}}]},"2":{"loc":{"start":{"line":35,"column":11},"end":{"line":37,"column":null}},"type":"if","locations":[{"start":{"line":35,"column":11},"end":{"line":37,"column":null}}]},"3":{"loc":{"start":{"line":39,"column":4},"end":{"line":43,"column":null}},"type":"if","locations":[{"start":{"line":39,"column":4},"end":{"line":43,"column":null}},{"start":{"line":41,"column":11},"end":{"line":43,"column":null}}]},"4":{"loc":{"start":{"line":41,"column":11},"end":{"line":43,"column":null}},"type":"if","locations":[{"start":{"line":41,"column":11},"end":{"line":43,"column":null}}]},"5":{"loc":{"start":{"line":45,"column":4},"end":{"line":47,"column":null}},"type":"if","locations":[{"start":{"line":45,"column":4},"end":{"line":47,"column":null}}]},"6":{"loc":{"start":{"line":49,"column":4},"end":{"line":51,"column":null}},"type":"if","locations":[{"start":{"line":49,"column":4},"end":{"line":51,"column":null}}]},"7":{"loc":{"start":{"line":59,"column":4},"end":{"line":61,"column":null}},"type":"if","locations":[{"start":{"line":59,"column":4},"end":{"line":61,"column":null}}]},"8":{"loc":{"start":{"line":74,"column":4},"end":{"line":82,"column":null}},"type":"if","locations":[{"start":{"line":74,"column":4},"end":{"line":82,"column":null}}]},"9":{"loc":{"start":{"line":74,"column":8},"end":{"line":74,"column":35}},"type":"binary-expr","locations":[{"start":{"line":74,"column":8},"end":{"line":74,"column":28}},{"start":{"line":74,"column":28},"end":{"line":74,"column":35}}]},"10":{"loc":{"start":{"line":76,"column":6},"end":{"line":80,"column":null}},"type":"if","locations":[{"start":{"line":76,"column":6},"end":{"line":80,"column":null}},{"start":{"line":78,"column":13},"end":{"line":80,"column":null}}]},"11":{"loc":{"start":{"line":99,"column":9},"end":{"line":99,"column":20}},"type":"binary-expr","locations":[{"start":{"line":99,"column":9},"end":{"line":99,"column":20}}]},"12":{"loc":{"start":{"line":115,"column":9},"end":{"line":115,"column":21}},"type":"binary-expr","locations":[{"start":{"line":115,"column":9},"end":{"line":115,"column":21}}]},"13":{"loc":{"start":{"line":130,"column":9},"end":{"line":130,"column":21}},"type":"binary-expr","locations":[{"start":{"line":130,"column":9},"end":{"line":130,"column":21}}]},"14":{"loc":{"start":{"line":145,"column":9},"end":{"line":145,"column":23}},"type":"binary-expr","locations":[{"start":{"line":145,"column":9},"end":{"line":145,"column":23}}]},"15":{"loc":{"start":{"line":160,"column":9},"end":{"line":160,"column":23}},"type":"binary-expr","locations":[{"start":{"line":160,"column":9},"end":{"line":160,"column":23}}]}},"s":{"0":5,"1":1,"2":182,"3":182,"4":182,"5":3,"6":3,"7":1,"8":3,"9":1,"10":2,"11":0,"12":3,"13":1,"14":2,"15":1,"16":3,"17":1,"18":3,"19":1,"20":3,"21":3,"22":182,"23":3,"24":3,"25":1,"26":182,"27":171,"28":171,"29":171,"30":182,"31":3,"32":3,"33":3,"34":3,"35":1,"36":2,"37":3},"f":{"0":182,"1":3,"2":3,"3":171,"4":171,"5":3},"b":{"0":[1],"1":[1,2],"2":[0],"3":[1,2],"4":[1],"5":[1],"6":[1],"7":[1],"8":[3],"9":[3,3],"10":[1,2],"11":[182],"12":[182],"13":[182],"14":[182],"15":[182]}}
,"E:\\Octobit8\\Services\\Website Development\\Projects\\Hospitals\\multi-speciality-hospital\\src\\components\\DepartmentCard.tsx": {"path":"E:\\Octobit8\\Services\\Website Development\\Projects\\Hospitals\\multi-speciality-hospital\\src\\components\\DepartmentCard.tsx","statementMap":{"0":{"start":{"line":21,"column":24},"end":{"line":21,"column":39}},"1":{"start":{"line":1,"column":18},"end":{"line":1,"column":null}},"2":{"start":{"line":2,"column":17},"end":{"line":2,"column":null}},"3":{"start":{"line":4,"column":25},"end":{"line":4,"column":null}},"4":{"start":{"line":22,"column":15},"end":{"line":22,"column":63}},"5":{"start":{"line":44,"column":14},"end":{"line":44,"column":31}},"6":{"start":{"line":52,"column":14},"end":{"line":52,"column":31}}},"fnMap":{"0":{"name":"DepartmentCard","decl":{"start":{"line":21,"column":24},"end":{"line":21,"column":39}},"loc":{"start":{"line":21,"column":74},"end":{"line":65,"column":null}}},"1":{"name":"(anonymous_6)","decl":{"start":{"line":43,"column":37},"end":{"line":43,"column":38}},"loc":{"start":{"line":44,"column":14},"end":{"line":44,"column":31}}},"2":{"name":"(anonymous_7)","decl":{"start":{"line":51,"column":37},"end":{"line":51,"column":38}},"loc":{"start":{"line":52,"column":14},"end":{"line":52,"column":31}}}},"branchMap":{"0":{"loc":{"start":{"line":36,"column":11},"end":{"line":36,"column":19}},"type":"binary-expr","locations":[{"start":{"line":36,"column":11},"end":{"line":36,"column":19}}]}},"s":{"0":5,"1":1,"2":1,"3":1,"4":5,"5":15,"6":10},"f":{"0":5,"1":15,"2":10},"b":{"0":[5]}}
,"E:\\Octobit8\\Services\\Website Development\\Projects\\Hospitals\\multi-speciality-hospital\\src\\components\\DoctorCard.tsx": {"path":"E:\\Octobit8\\Services\\Website Development\\Projects\\Hospitals\\multi-speciality-hospital\\src\\components\\DoctorCard.tsx","statementMap":{"0":{"start":{"line":23,"column":24},"end":{"line":23,"column":35}},"1":{"start":{"line":1,"column":18},"end":{"line":1,"column":null}},"2":{"start":{"line":2,"column":17},"end":{"line":2,"column":null}}},"fnMap":{"0":{"name":"DoctorCard","decl":{"start":{"line":23,"column":24},"end":{"line":23,"column":35}},"loc":{"start":{"line":23,"column":62},"end":{"line":59,"column":null}}}},"branchMap":{},"s":{"0":7,"1":1,"2":1},"f":{"0":7},"b":{}}
,"E:\\Octobit8\\Services\\Website Development\\Projects\\Hospitals\\multi-speciality-hospital\\src\\components\\Footer.tsx": {"path":"E:\\Octobit8\\Services\\Website Development\\Projects\\Hospitals\\multi-speciality-hospital\\src\\components\\Footer.tsx","statementMap":{"0":{"start":{"line":73,"column":0},"end":{"line":73,"column":15}},"1":{"start":{"line":1,"column":63},"end":{"line":1,"column":null}},"2":{"start":{"line":3,"column":15},"end":{"line":71,"column":null}},"3":{"start":{"line":73,"column":15},"end":{"line":73,"column":null}}},"fnMap":{"0":{"name":"(anonymous_1)","decl":{"start":{"line":3,"column":15},"end":{"line":3,"column":null}},"loc":{"start":{"line":3,"column":15},"end":{"line":71,"column":null}}}},"branchMap":{},"s":{"0":5,"1":1,"2":1,"3":1},"f":{"0":5},"b":{}}
,"E:\\Octobit8\\Services\\Website Development\\Projects\\Hospitals\\multi-speciality-hospital\\src\\components\\Hero.tsx": {"path":"E:\\Octobit8\\Services\\Website Development\\Projects\\Hospitals\\multi-speciality-hospital\\src\\components\\Hero.tsx","statementMap":{"0":{"start":{"line":1,"column":24},"end":{"line":1,"column":null}}},"fnMap":{"0":{"name":"Hero","decl":{"start":{"line":1,"column":24},"end":{"line":1,"column":null}},"loc":{"start":{"line":1,"column":24},"end":{"line":18,"column":null}}}},"branchMap":{},"s":{"0":4},"f":{"0":4},"b":{}}
,"E:\\Octobit8\\Services\\Website Development\\Projects\\Hospitals\\multi-speciality-hospital\\src\\components\\Navigation.tsx": {"path":"E:\\Octobit8\\Services\\Website Development\\Projects\\Hospitals\\multi-speciality-hospital\\src\\components\\Navigation.tsx","statementMap":{"0":{"start":{"line":52,"column":24},"end":{"line":52,"column":null}},"1":{"start":{"line":3,"column":44},"end":{"line":3,"column":null}},"2":{"start":{"line":4,"column":17},"end":{"line":4,"column":null}},"3":{"start":{"line":24,"column":7},"end":{"line":24,"column":null}},"4":{"start":{"line":25,"column":28},"end":{"line":25,"column":null}},"5":{"start":{"line":28,"column":48},"end":{"line":50,"column":null}},"6":{"start":{"line":53,"column":30},"end":{"line":53,"column":null}},"7":{"start":{"line":54,"column":46},"end":{"line":54,"column":null}},"8":{"start":{"line":55,"column":22},"end":{"line":55,"column":null}},"9":{"start":{"line":57,"column":2},"end":{"line":68,"column":null}},"10":{"start":{"line":59,"column":6},"end":{"line":61,"column":null}},"11":{"start":{"line":60,"column":8},"end":{"line":60,"column":null}},"12":{"start":{"line":64,"column":4},"end":{"line":64,"column":null}},"13":{"start":{"line":65,"column":4},"end":{"line":67,"column":null}},"14":{"start":{"line":66,"column":6},"end":{"line":66,"column":null}},"15":{"start":{"line":70,"column":25},"end":{"line":72,"column":null}},"16":{"start":{"line":71,"column":4},"end":{"line":71,"column":null}},"17":{"start":{"line":75,"column":19},"end":{"line":75,"column":null}},"18":{"start":{"line":76,"column":21},"end":{"line":76,"column":null}},"19":{"start":{"line":77,"column":22},"end":{"line":77,"column":null}},"20":{"start":{"line":98,"column":31},"end":{"line":98,"column":null}},"21":{"start":{"line":111,"column":39},"end":{"line":111,"column":65}},"22":{"start":{"line":112,"column":26},"end":{"line":114,"column":null}},"23":{"start":{"line":117,"column":45},"end":{"line":117,"column":null}},"24":{"start":{"line":128,"column":39},"end":{"line":128,"column":65}},"25":{"start":{"line":129,"column":26},"end":{"line":131,"column":null}},"26":{"start":{"line":134,"column":45},"end":{"line":134,"column":null}},"27":{"start":{"line":151,"column":31},"end":{"line":151,"column":null}},"28":{"start":{"line":163,"column":37},"end":{"line":163,"column":null}},"29":{"start":{"line":170,"column":37},"end":{"line":170,"column":null}},"30":{"start":{"line":177,"column":37},"end":{"line":177,"column":null}},"31":{"start":{"line":203,"column":29},"end":{"line":203,"column":null}},"32":{"start":{"line":223,"column":31},"end":{"line":223,"column":null}},"33":{"start":{"line":232,"column":33},"end":{"line":232,"column":59}},"34":{"start":{"line":233,"column":20},"end":{"line":235,"column":null}},"35":{"start":{"line":239,"column":26},"end":{"line":239,"column":null}},"36":{"start":{"line":240,"column":26},"end":{"line":240,"column":null}},"37":{"start":{"line":255,"column":31},"end":{"line":255,"column":null}},"38":{"start":{"line":267,"column":22},"end":{"line":267,"column":null}},"39":{"start":{"line":268,"column":22},"end":{"line":268,"column":null}},"40":{"start":{"line":277,"column":22},"end":{"line":277,"column":null}},"41":{"start":{"line":278,"column":22},"end":{"line":278,"column":null}},"42":{"start":{"line":287,"column":22},"end":{"line":287,"column":null}},"43":{"start":{"line":288,"column":22},"end":{"line":288,"column":null}}},"fnMap":{"0":{"name":"Navigation","decl":{"start":{"line":52,"column":24},"end":{"line":52,"column":null}},"loc":{"start":{"line":52,"column":24},"end":{"line":314,"column":null}}},"1":{"name":"(anonymous_3)","decl":{"start":{"line":57,"column":12},"end":{"line":57,"column":null}},"loc":{"start":{"line":57,"column":12},"end":{"line":68,"column":5}}},"2":{"name":"handleClickOutside","decl":{"start":{"line":58,"column":13},"end":{"line":58,"column":32}},"loc":{"start":{"line":58,"column":49},"end":{"line":62,"column":null}}},"3":{"name":"(anonymous_5)","decl":{"start":{"line":65,"column":11},"end":{"line":65,"column":null}},"loc":{"start":{"line":65,"column":11},"end":{"line":67,"column":null}}},"4":{"name":"(anonymous_6)","decl":{"start":{"line":70,"column":25},"end":{"line":70,"column":26}},"loc":{"start":{"line":70,"column":26},"end":{"line":72,"column":null}}},"5":{"name":"(anonymous_7)","decl":{"start":{"line":98,"column":25},"end":{"line":98,"column":31}},"loc":{"start":{"line":98,"column":31},"end":{"line":98,"column":null}}},"6":{"name":"(anonymous_8)","decl":{"start":{"line":110,"column":40},"end":{"line":110,"column":41}},"loc":{"start":{"line":110,"column":41},"end":{"line":123,"column":null}}},"7":{"name":"(anonymous_9)","decl":{"start":{"line":117,"column":39},"end":{"line":117,"column":45}},"loc":{"start":{"line":117,"column":45},"end":{"line":117,"column":null}}},"8":{"name":"(anonymous_10)","decl":{"start":{"line":127,"column":41},"end":{"line":127,"column":42}},"loc":{"start":{"line":127,"column":42},"end":{"line":140,"column":null}}},"9":{"name":"(anonymous_11)","decl":{"start":{"line":134,"column":39},"end":{"line":134,"column":45}},"loc":{"start":{"line":134,"column":45},"end":{"line":134,"column":null}}},"10":{"name":"(anonymous_12)","decl":{"start":{"line":151,"column":25},"end":{"line":151,"column":31}},"loc":{"start":{"line":151,"column":31},"end":{"line":151,"column":null}}},"11":{"name":"(anonymous_13)","decl":{"start":{"line":163,"column":31},"end":{"line":163,"column":37}},"loc":{"start":{"line":163,"column":37},"end":{"line":163,"column":null}}},"12":{"name":"(anonymous_14)","decl":{"start":{"line":170,"column":31},"end":{"line":170,"column":37}},"loc":{"start":{"line":170,"column":37},"end":{"line":170,"column":null}}},"13":{"name":"(anonymous_15)","decl":{"start":{"line":177,"column":31},"end":{"line":177,"column":37}},"loc":{"start":{"line":177,"column":37},"end":{"line":177,"column":null}}},"14":{"name":"(anonymous_16)","decl":{"start":{"line":203,"column":23},"end":{"line":203,"column":29}},"loc":{"start":{"line":203,"column":29},"end":{"line":203,"column":null}}},"15":{"name":"(anonymous_17)","decl":{"start":{"line":223,"column":25},"end":{"line":223,"column":31}},"loc":{"start":{"line":223,"column":31},"end":{"line":223,"column":null}}},"16":{"name":"(anonymous_18)","decl":{"start":{"line":231,"column":35},"end":{"line":231,"column":36}},"loc":{"start":{"line":231,"column":36},"end":{"line":247,"column":null}}},"17":{"name":"(anonymous_19)","decl":{"start":{"line":238,"column":33},"end":{"line":238,"column":null}},"loc":{"start":{"line":238,"column":33},"end":{"line":241,"column":null}}},"18":{"name":"(anonymous_20)","decl":{"start":{"line":255,"column":25},"end":{"line":255,"column":31}},"loc":{"start":{"line":255,"column":31},"end":{"line":255,"column":null}}},"19":{"name":"(anonymous_21)","decl":{"start":{"line":266,"column":29},"end":{"line":266,"column":null}},"loc":{"start":{"line":266,"column":29},"end":{"line":269,"column":null}}},"20":{"name":"(anonymous_22)","decl":{"start":{"line":276,"column":29},"end":{"line":276,"column":null}},"loc":{"start":{"line":276,"column":29},"end":{"line":279,"column":null}}},"21":{"name":"(anonymous_23)","decl":{"start":{"line":286,"column":29},"end":{"line":286,"column":null}},"loc":{"start":{"line":286,"column":29},"end":{"line":289,"column":null}}}},"branchMap":{"0":{"loc":{"start":{"line":59,"column":6},"end":{"line":61,"column":null}},"type":"if","locations":[{"start":{"line":59,"column":6},"end":{"line":61,"column":null}}]},"1":{"loc":{"start":{"line":59,"column":10},"end":{"line":59,"column":86}},"type":"binary-expr","locations":[{"start":{"line":59,"column":10},"end":{"line":59,"column":29}},{"start":{"line":59,"column":33},"end":{"line":59,"column":86}}]},"2":{"loc":{"start":{"line":71,"column":22},"end":{"line":71,"column":null}},"type":"cond-expr","locations":[{"start":{"line":71,"column":48},"end":{"line":71,"column":55}},{"start":{"line":71,"column":55},"end":{"line":71,"column":null}}]},"3":{"loc":{"start":{"line":102,"column":84},"end":{"line":102,"column":137}},"type":"cond-expr","locations":[{"start":{"line":102,"column":119},"end":{"line":102,"column":134}},{"start":{"line":102,"column":134},"end":{"line":102,"column":137}}]},"4":{"loc":{"start":{"line":104,"column":15},"end":{"line":104,"column":null}},"type":"binary-expr","locations":[{"start":{"line":104,"column":15},"end":{"line":104,"column":null}}]},"5":{"loc":{"start":{"line":119,"column":31},"end":{"line":119,"column":39}},"type":"binary-expr","locations":[{"start":{"line":119,"column":31},"end":{"line":119,"column":39}}]},"6":{"loc":{"start":{"line":136,"column":31},"end":{"line":136,"column":39}},"type":"binary-expr","locations":[{"start":{"line":136,"column":31},"end":{"line":136,"column":39}}]},"7":{"loc":{"start":{"line":155,"column":84},"end":{"line":155,"column":134}},"type":"cond-expr","locations":[{"start":{"line":155,"column":116},"end":{"line":155,"column":131}},{"start":{"line":155,"column":131},"end":{"line":155,"column":134}}]},"8":{"loc":{"start":{"line":157,"column":15},"end":{"line":157,"column":null}},"type":"binary-expr","locations":[{"start":{"line":157,"column":15},"end":{"line":157,"column":null}}]},"9":{"loc":{"start":{"line":206,"column":24},"end":{"line":206,"column":59}},"type":"cond-expr","locations":[{"start":{"line":206,"column":24},"end":{"line":206,"column":59}}]},"10":{"loc":{"start":{"line":213,"column":7},"end":{"line":213,"column":null}},"type":"binary-expr","locations":[{"start":{"line":213,"column":7},"end":{"line":213,"column":null}}]},"11":{"loc":{"start":{"line":227,"column":79},"end":{"line":227,"column":139}},"type":"cond-expr","locations":[{"start":{"line":227,"column":121},"end":{"line":227,"column":136}},{"start":{"line":227,"column":136},"end":{"line":227,"column":139}}]},"12":{"loc":{"start":{"line":229,"column":15},"end":{"line":229,"column":null}},"type":"binary-expr","locations":[{"start":{"line":229,"column":15},"end":{"line":229,"column":null}}]},"13":{"loc":{"start":{"line":243,"column":25},"end":{"line":243,"column":33}},"type":"binary-expr","locations":[{"start":{"line":243,"column":25},"end":{"line":243,"column":33}}]},"14":{"loc":{"start":{"line":259,"column":79},"end":{"line":259,"column":136}},"type":"cond-expr","locations":[{"start":{"line":259,"column":118},"end":{"line":259,"column":133}},{"start":{"line":259,"column":133},"end":{"line":259,"column":136}}]},"15":{"loc":{"start":{"line":261,"column":15},"end":{"line":261,"column":null}},"type":"binary-expr","locations":[{"start":{"line":261,"column":15},"end":{"line":261,"column":null}}]}},"s":{"0":2,"1":1,"2":1,"3":1,"4":1,"5":1,"6":2,"7":2,"8":2,"9":2,"10":0,"11":0,"12":2,"13":2,"14":2,"15":2,"16":0,"17":2,"18":2,"19":2,"20":0,"21":0,"22":0,"23":0,"24":0,"25":0,"26":0,"27":0,"28":0,"29":0,"30":0,"31":0,"32":0,"33":0,"34":0,"35":0,"36":0,"37":0,"38":0,"39":0,"40":0,"41":0,"42":0,"43":0},"f":{"0":2,"1":2,"2":0,"3":2,"4":0,"5":0,"6":0,"7":0,"8":0,"9":0,"10":0,"11":0,"12":0,"13":0,"14":0,"15":0,"16":0,"17":0,"18":0,"19":0,"20":0,"21":0},"b":{"0":[0],"1":[0,0],"2":[0,0],"3":[0,2],"4":[2],"5":[0],"6":[0],"7":[0,2],"8":[2],"9":[0],"10":[2],"11":[0,0],"12":[0],"13":[0],"14":[0,0],"15":[0]}}
,"E:\\Octobit8\\Services\\Website Development\\Projects\\Hospitals\\multi-speciality-hospital\\src\\config\\api.ts": {"path":"E:\\Octobit8\\Services\\Website Development\\Projects\\Hospitals\\multi-speciality-hospital\\src\\config\\api.ts","statementMap":{"0":{"start":{"line":42,"column":13},"end":{"line":42,"column":26}},"1":{"start":{"line":2,"column":23},"end":{"line":37,"column":null}},"2":{"start":{"line":3,"column":23},"end":{"line":7,"column":null}},"3":{"start":{"line":9,"column":22},"end":{"line":11,"column":null}},"4":{"start":{"line":10,"column":28},"end":{"line":10,"column":null}},"5":{"start":{"line":11,"column":20},"end":{"line":11,"column":null}},"6":{"start":{"line":13,"column":2},"end":{"line":17,"column":null}},"7":{"start":{"line":14,"column":4},"end":{"line":14,"column":null}},"8":{"start":{"line":16,"column":4},"end":{"line":16,"column":null}},"9":{"start":{"line":20,"column":20},"end":{"line":20,"column":58}},"10":{"start":{"line":21,"column":18},"end":{"line":21,"column":54}},"11":{"start":{"line":23,"column":2},"end":{"line":29,"column":null}},"12":{"start":{"line":24,"column":4},"end":{"line":28,"column":null}},"13":{"start":{"line":31,"column":2},"end":{"line":36,"column":null}},"14":{"start":{"line":32,"column":4},"end":{"line":35,"column":null}},"15":{"start":{"line":40,"column":0},"end":{"line":40,"column":null}},"16":{"start":{"line":42,"column":26},"end":{"line":50,"column":null}}},"fnMap":{"0":{"name":"(anonymous_1)","decl":{"start":{"line":2,"column":23},"end":{"line":2,"column":null}},"loc":{"start":{"line":2,"column":23},"end":{"line":37,"column":null}}},"1":{"name":"(anonymous_2)","decl":{"start":{"line":10,"column":12},"end":{"line":10,"column":13}},"loc":{"start":{"line":10,"column":28},"end":{"line":10,"column":null}}},"2":{"name":"(anonymous_3)","decl":{"start":{"line":11,"column":9},"end":{"line":11,"column":10}},"loc":{"start":{"line":11,"column":20},"end":{"line":11,"column":null}}}},"branchMap":{"0":{"loc":{"start":{"line":13,"column":2},"end":{"line":17,"column":null}},"type":"if","locations":[{"start":{"line":13,"column":2},"end":{"line":17,"column":null}},{"start":{"line":15,"column":9},"end":{"line":17,"column":null}}]},"1":{"loc":{"start":{"line":23,"column":2},"end":{"line":29,"column":null}},"type":"if","locations":[{"start":{"line":23,"column":2},"end":{"line":29,"column":null}}]},"2":{"loc":{"start":{"line":31,"column":2},"end":{"line":36,"column":null}},"type":"if","locations":[{"start":{"line":31,"column":2},"end":{"line":36,"column":null}}]},"3":{"loc":{"start":{"line":43,"column":18},"end":{"line":43,"column":null}},"type":"binary-expr","locations":[{"start":{"line":43,"column":18},"end":{"line":43,"column":56}},{"start":{"line":43,"column":60},"end":{"line":43,"column":null}}]},"4":{"loc":{"start":{"line":44,"column":16},"end":{"line":44,"column":null}},"type":"binary-expr","locations":[{"start":{"line":44,"column":16},"end":{"line":44,"column":40}},{"start":{"line":44,"column":44},"end":{"line":44,"column":null}}]},"5":{"loc":{"start":{"line":47,"column":16},"end":{"line":47,"column":null}},"type":"binary-expr","locations":[{"start":{"line":47,"column":16},"end":{"line":47,"column":52}},{"start":{"line":47,"column":56},"end":{"line":47,"column":null}}]},"6":{"loc":{"start":{"line":48,"column":21},"end":{"line":48,"column":null}},"type":"binary-expr","locations":[{"start":{"line":48,"column":21},"end":{"line":48,"column":62}},{"start":{"line":48,"column":66},"end":{"line":48,"column":null}}]},"7":{"loc":{"start":{"line":49,"column":21},"end":{"line":49,"column":null}},"type":"binary-expr","locations":[{"start":{"line":49,"column":21},"end":{"line":49,"column":62}},{"start":{"line":49,"column":66},"end":{"line":49,"column":null}}]}},"s":{"0":0,"1":0,"2":0,"3":0,"4":0,"5":0,"6":0,"7":0,"8":0,"9":0,"10":0,"11":0,"12":0,"13":0,"14":0,"15":0,"16":0},"f":{"0":0,"1":0,"2":0},"b":{"0":[0,0],"1":[0],"2":[0],"3":[0,0],"4":[0,0],"5":[0,0],"6":[0,0],"7":[0,0]}}
,"E:\\Octobit8\\Services\\Website Development\\Projects\\Hospitals\\multi-speciality-hospital\\src\\data\\departments.ts": {"path":"E:\\Octobit8\\Services\\Website Development\\Projects\\Hospitals\\multi-speciality-hospital\\src\\data\\departments.ts","statementMap":{"0":{"start":{"line":41,"column":13},"end":{"line":41,"column":41}},"1":{"start":{"line":17,"column":7},"end":{"line":17,"column":null}},"2":{"start":{"line":41,"column":41},"end":{"line":684,"column":null}}},"fnMap":{},"branchMap":{},"s":{"0":6,"1":1,"2":1},"f":{},"b":{}}
,"E:\\Octobit8\\Services\\Website Development\\Projects\\Hospitals\\multi-speciality-hospital\\src\\data\\doctors.ts": {"path":"E:\\Octobit8\\Services\\Website Development\\Projects\\Hospitals\\multi-speciality-hospital\\src\\data\\doctors.ts","statementMap":{"0":{"start":{"line":17,"column":13},"end":{"line":17,"column":33}},"1":{"start":{"line":17,"column":33},"end":{"line":252,"column":null}}},"fnMap":{},"branchMap":{},"s":{"0":0,"1":0},"f":{},"b":{}}
,"E:\\Octobit8\\Services\\Website Development\\Projects\\Hospitals\\multi-speciality-hospital\\src\\services\\api.ts": {"path":"E:\\Octobit8\\Services\\Website Development\\Projects\\Hospitals\\multi-speciality-hospital\\src\\services\\api.ts","statementMap":{"0":{"start":{"line":28,"column":13},"end":{"line":28,"column":26}},"1":{"start":{"line":1,"column":17},"end":{"line":1,"column":null}},"2":{"start":{"line":2,"column":27},"end":{"line":2,"column":null}},"3":{"start":{"line":5,"column":13},"end":{"line":5,"column":null}},"4":{"start":{"line":14,"column":22},"end":{"line":25,"column":51}},"5":{"start":{"line":28,"column":26},"end":{"line":78,"column":null}},"6":{"start":{"line":31,"column":4},"end":{"line":49,"column":null}},"7":{"start":{"line":32,"column":23},"end":{"line":38,"column":null}},"8":{"start":{"line":40,"column":6},"end":{"line":42,"column":null}},"9":{"start":{"line":41,"column":8},"end":{"line":41,"column":null}},"10":{"start":{"line":44,"column":19},"end":{"line":44,"column":null}},"11":{"start":{"line":45,"column":6},"end":{"line":45,"column":null}},"12":{"start":{"line":47,"column":6},"end":{"line":47,"column":null}},"13":{"start":{"line":48,"column":6},"end":{"line":48,"column":null}},"14":{"start":{"line":54,"column":4},"end":{"line":76,"column":null}},"15":{"start":{"line":55,"column":6},"end":{"line":57,"column":null}},"16":{"start":{"line":60,"column":19},"end":{"line":60,"column":null}},"17":{"start":{"line":63,"column":6},"end":{"line":63,"column":null}},"18":{"start":{"line":66,"column":6},"end":{"line":70,"column":null}},"19":{"start":{"line":67,"column":8},"end":{"line":67,"column":null}},"20":{"start":{"line":69,"column":8},"end":{"line":69,"column":null}},"21":{"start":{"line":72,"column":6},"end":{"line":72,"column":null}},"22":{"start":{"line":74,"column":6},"end":{"line":74,"column":null}},"23":{"start":{"line":75,"column":6},"end":{"line":75,"column":null}}},"fnMap":{"0":{"name":"(anonymous_2)","decl":{"start":{"line":30,"column":2},"end":{"line":30,"column":8}},"loc":{"start":{"line":30,"column":47},"end":{"line":50,"column":null}}},"1":{"name":"(anonymous_3)","decl":{"start":{"line":53,"column":2},"end":{"line":53,"column":8}},"loc":{"start":{"line":53,"column":8},"end":{"line":77,"column":null}}},"2":{"name":"(anonymous_4)","decl":{"start":{"line":66,"column":26},"end":{"line":66,"column":null}},"loc":{"start":{"line":66,"column":26},"end":{"line":70,"column":null}}}},"branchMap":{"0":{"loc":{"start":{"line":40,"column":6},"end":{"line":42,"column":null}},"type":"if","locations":[{"start":{"line":40,"column":6},"end":{"line":42,"column":null}}]}},"s":{"0":0,"1":0,"2":0,"3":0,"4":0,"5":0,"6":0,"7":0,"8":0,"9":0,"10":0,"11":0,"12":0,"13":0,"14":0,"15":0,"16":0,"17":0,"18":0,"19":0,"20":0,"21":0,"22":0,"23":0},"f":{"0":0,"1":0,"2":0},"b":{"0":[0]}}
}
