TN:
SF:src\app\layout.tsx
FN:15,RootLayout
FNF:1
FNH:0
FNDA:0,RootLayout
DA:2,0
DA:3,0
DA:4,0
DA:5,0
DA:6,0
DA:8,0
DA:10,0
DA:15,0
LF:8
LH:0
BRF:0
BRH:0
end_of_record
TN:
SF:src\app\page.tsx
FN:6,Home
FN:74,(anonymous_3)
FNF:2
FNH:0
FNDA:0,Home
FNDA:0,(anonymous_3)
DA:1,0
DA:2,0
DA:3,0
DA:4,0
DA:6,0
DA:75,0
DA:76,0
LF:7
LH:0
BRF:0
BRH:0
end_of_record
TN:
SF:src\app\about\page.tsx
FN:5,AboutPage
FNF:1
FNH:0
FNDA:0,AboutPage
DA:3,0
DA:5,0
LF:2
LH:0
BRF:0
BRH:0
end_of_record
TN:
SF:src\app\about\gallery\page.tsx
FN:85,GalleryPage
FN:89,(anonymous_3)
FN:90,(anonymous_4)
FN:109,(anonymous_5)
FN:113,(anonymous_6)
FN:123,(anonymous_7)
FN:147,(anonymous_8)
FNF:7
FNH:0
FNDA:0,GalleryPage
FNDA:0,(anonymous_3)
FNDA:0,(anonymous_4)
FNDA:0,(anonymous_5)
FNDA:0,(anonymous_6)
FNDA:0,(anonymous_7)
FNDA:0,(anonymous_8)
DA:3,0
DA:4,0
DA:5,0
DA:7,0
DA:85,0
DA:86,0
DA:87,0
DA:89,0
DA:90,0
DA:110,0
DA:113,0
DA:123,0
DA:147,0
LF:13
LH:0
BRDA:113,0,0,0
BRDA:113,0,1,0
BRDA:117,1,0,0
BRDA:144,2,0,0
BRF:4
BRH:0
end_of_record
TN:
SF:src\app\contact\page.tsx
FN:6,ContactPage
FN:15,(anonymous_2)
FN:21,(anonymous_3)
FN:23,(anonymous_4)
FNF:4
FNH:0
FNDA:0,ContactPage
FNDA:0,(anonymous_2)
FNDA:0,(anonymous_3)
FNDA:0,(anonymous_4)
DA:3,0
DA:4,0
DA:6,0
DA:7,0
DA:15,0
DA:16,0
DA:18,0
DA:21,0
DA:22,0
DA:23,0
LF:10
LH:0
BRF:0
BRH:0
end_of_record
TN:
SF:src\app\departments\data.ts
FNF:0
FNH:0
DA:2,0
DA:5,0
LF:2
LH:0
BRF:0
BRH:0
end_of_record
TN:
SF:src\app\departments\page.tsx
FN:8,DepartmentsPage
FN:11,(anonymous_3)
FN:36,(anonymous_4)
FN:46,(anonymous_5)
FNF:4
FNH:0
FNDA:0,DepartmentsPage
FNDA:0,(anonymous_3)
FNDA:0,(anonymous_4)
FNDA:0,(anonymous_5)
DA:3,0
DA:4,0
DA:5,0
DA:6,0
DA:8,0
DA:9,0
DA:11,0
DA:12,0
DA:36,0
DA:47,0
DA:48,0
LF:11
LH:0
BRF:0
BRH:0
end_of_record
TN:
SF:src\app\departments\[slug]\page.tsx
FN:10,DepartmentPage
FN:22,(anonymous_3)
FN:42,(anonymous_4)
FN:58,(anonymous_5)
FN:60,(anonymous_6)
FN:79,(anonymous_7)
FN:117,(anonymous_8)
FN:136,(anonymous_9)
FN:149,(anonymous_10)
FN:162,(anonymous_11)
FN:171,(anonymous_12)
FN:183,(anonymous_13)
FN:208,(anonymous_14)
FN:267,(anonymous_15)
FN:296,(anonymous_16)
FNF:15
FNH:0
FNDA:0,DepartmentPage
FNDA:0,(anonymous_3)
FNDA:0,(anonymous_4)
FNDA:0,(anonymous_5)
FNDA:0,(anonymous_6)
FNDA:0,(anonymous_7)
FNDA:0,(anonymous_8)
FNDA:0,(anonymous_9)
FNDA:0,(anonymous_10)
FNDA:0,(anonymous_11)
FNDA:0,(anonymous_12)
FNDA:0,(anonymous_13)
FNDA:0,(anonymous_14)
FNDA:0,(anonymous_15)
FNDA:0,(anonymous_16)
DA:3,0
DA:4,0
DA:5,0
DA:6,0
DA:7,0
DA:8,0
DA:10,0
DA:11,0
DA:12,0
DA:13,0
DA:22,0
DA:24,0
DA:42,0
DA:43,0
DA:45,0
DA:46,0
DA:48,0
DA:58,0
DA:59,0
DA:60,0
DA:80,0
DA:81,0
DA:117,0
DA:137,0
DA:150,0
DA:163,0
DA:172,0
DA:173,0
DA:174,0
DA:175,0
DA:183,0
DA:209,0
DA:267,0
DA:296,0
LF:34
LH:0
BRDA:24,0,0,0
BRDA:175,1,0,0
BRDA:189,2,0,0
BRDA:195,3,0,0
BRDA:201,4,0,0
BRDA:288,5,0,0
BRF:6
BRH:0
end_of_record
TN:
SF:src\app\doctors\layout.tsx
FN:1,DoctorsLayout
FNF:1
FNH:0
FNDA:0,DoctorsLayout
DA:1,0
LF:1
LH:0
BRF:0
BRH:0
end_of_record
TN:
SF:src\app\doctors\page.tsx
FN:9,DoctorsPage
FN:14,(anonymous_3)
FN:17,(anonymous_4)
FN:33,(anonymous_5)
FN:38,(anonymous_6)
FN:48,(anonymous_7)
FNF:6
FNH:0
FNDA:0,DoctorsPage
FNDA:0,(anonymous_3)
FNDA:0,(anonymous_4)
FNDA:0,(anonymous_5)
FNDA:0,(anonymous_6)
FNDA:0,(anonymous_7)
DA:3,0
DA:5,0
DA:7,0
DA:9,0
DA:10,0
DA:11,0
DA:14,0
DA:17,0
DA:18,0
DA:20,0
DA:21,0
DA:33,0
DA:39,0
DA:48,0
LF:14
LH:0
BRDA:18,0,0,0
BRDA:18,0,1,0
BRDA:20,1,0,0
BRDA:20,1,1,0
BRDA:21,2,0,0
BRDA:21,2,1,0
BRDA:52,3,0,0
BRDA:55,4,0,0
BRDA:62,5,0,0
BRF:9
BRH:0
end_of_record
TN:
SF:src\app\doctors\[id]\page.tsx
FN:9,DoctorProfilePage
FN:11,(anonymous_3)
FN:28,(anonymous_4)
FN:28,(anonymous_5)
FN:82,(anonymous_6)
FN:126,(anonymous_7)
FN:144,(anonymous_8)
FNF:7
FNH:0
FNDA:0,DoctorProfilePage
FNDA:0,(anonymous_3)
FNDA:0,(anonymous_4)
FNDA:0,(anonymous_5)
FNDA:0,(anonymous_6)
FNDA:0,(anonymous_7)
FNDA:0,(anonymous_8)
DA:3,0
DA:4,0
DA:5,0
DA:6,0
DA:7,0
DA:9,0
DA:10,0
DA:11,0
DA:13,0
DA:28,0
DA:83,0
DA:84,0
DA:85,0
DA:86,0
DA:127,0
DA:145,0
LF:16
LH:0
BRDA:13,0,0,0
BRDA:40,1,0,0
BRDA:43,2,0,0
BRDA:46,3,0,0
BRDA:51,4,0,0
BRDA:56,5,0,0
BRDA:86,6,0,0
BRDA:100,7,0,0
BRDA:119,8,0,0
BRDA:137,9,0,0
BRDA:137,9,1,0
BRDA:156,10,0,0
BRDA:156,10,1,0
BRDA:156,10,2,0
BRDA:160,11,0,0
BRDA:166,12,0,0
BRDA:172,13,0,0
BRF:17
BRH:0
end_of_record
TN:
SF:src\app\services\layout.tsx
FN:1,ServicesLayout
FNF:1
FNH:0
FNDA:0,ServicesLayout
DA:1,0
LF:1
LH:0
BRF:0
BRH:0
end_of_record
TN:
SF:src\app\services\diagnostics\page.tsx
FN:6,DiagnosticsPage
FNF:1
FNH:0
FNDA:0,DiagnosticsPage
DA:3,0
DA:4,0
DA:6,0
LF:3
LH:0
BRF:0
BRH:0
end_of_record
TN:
SF:src\app\services\emergency\page.tsx
FN:6,EmergencyPage
FNF:1
FNH:0
FNDA:0,EmergencyPage
DA:3,0
DA:4,0
DA:6,0
LF:3
LH:0
BRF:0
BRH:0
end_of_record
TN:
SF:src\app\services\pharmacy\page.tsx
FN:6,PharmacyPage
FNF:1
FNH:0
FNDA:0,PharmacyPage
DA:3,0
DA:4,0
DA:6,0
LF:3
LH:0
BRF:0
BRH:0
end_of_record
TN:
SF:src\components\Chatbot.tsx
FN:33,Chatbot
FN:54,(anonymous_2)
FN:63,(anonymous_3)
FN:69,(anonymous_4)
FN:73,(anonymous_5)
FN:80,(anonymous_6)
FN:81,(anonymous_7)
FN:92,(anonymous_8)
FN:97,(anonymous_9)
FN:101,(anonymous_10)
FN:105,(anonymous_11)
FN:114,(anonymous_12)
FN:122,(anonymous_13)
FN:123,(anonymous_14)
FN:132,(anonymous_15)
FN:132,(anonymous_16)
FN:144,(anonymous_17)
FN:152,(anonymous_18)
FN:152,(anonymous_19)
FN:156,(anonymous_20)
FN:169,(anonymous_21)
FN:177,(anonymous_22)
FN:187,(anonymous_23)
FN:194,(anonymous_24)
FN:199,(anonymous_25)
FN:210,(anonymous_26)
FN:221,(anonymous_27)
FN:227,(anonymous_28)
FN:235,(anonymous_29)
FN:244,(anonymous_30)
FN:264,(anonymous_31)
FN:323,(anonymous_32)
FNF:32
FNH:0
FNDA:0,Chatbot
FNDA:0,(anonymous_2)
FNDA:0,(anonymous_3)
FNDA:0,(anonymous_4)
FNDA:0,(anonymous_5)
FNDA:0,(anonymous_6)
FNDA:0,(anonymous_7)
FNDA:0,(anonymous_8)
FNDA:0,(anonymous_9)
FNDA:0,(anonymous_10)
FNDA:0,(anonymous_11)
FNDA:0,(anonymous_12)
FNDA:0,(anonymous_13)
FNDA:0,(anonymous_14)
FNDA:0,(anonymous_15)
FNDA:0,(anonymous_16)
FNDA:0,(anonymous_17)
FNDA:0,(anonymous_18)
FNDA:0,(anonymous_19)
FNDA:0,(anonymous_20)
FNDA:0,(anonymous_21)
FNDA:0,(anonymous_22)
FNDA:0,(anonymous_23)
FNDA:0,(anonymous_24)
FNDA:0,(anonymous_25)
FNDA:0,(anonymous_26)
FNDA:0,(anonymous_27)
FNDA:0,(anonymous_28)
FNDA:0,(anonymous_29)
FNDA:0,(anonymous_30)
FNDA:0,(anonymous_31)
FNDA:0,(anonymous_32)
DA:3,0
DA:4,0
DA:5,0
DA:33,0
DA:34,0
DA:35,0
DA:43,0
DA:44,0
DA:45,0
DA:46,0
DA:47,0
DA:48,0
DA:49,0
DA:50,0
DA:51,0
DA:52,0
DA:54,0
DA:56,0
DA:57,0
DA:58,0
DA:59,0
DA:60,0
DA:61,0
DA:63,0
DA:64,0
DA:65,0
DA:66,0
DA:69,0
DA:70,0
DA:73,0
DA:74,0
DA:75,0
DA:80,0
DA:81,0
DA:89,0
DA:92,0
DA:93,0
DA:97,0
DA:98,0
DA:101,0
DA:102,0
DA:105,0
DA:106,0
DA:107,0
DA:114,0
DA:115,0
DA:116,0
DA:117,0
DA:119,0
DA:121,0
DA:122,0
DA:123,0
DA:127,0
DA:129,0
DA:132,0
DA:133,0
DA:137,0
DA:144,0
DA:147,0
DA:148,0
DA:152,0
DA:153,0
DA:156,0
DA:163,0
DA:164,0
DA:169,0
DA:170,0
DA:171,0
DA:172,0
DA:173,0
DA:177,0
DA:178,0
DA:179,0
DA:180,0
DA:181,0
DA:182,0
DA:183,0
DA:187,0
DA:188,0
DA:189,0
DA:190,0
DA:194,0
DA:195,0
DA:196,0
DA:197,0
DA:198,0
DA:199,0
DA:206,0
DA:209,0
DA:210,0
DA:217,0
DA:221,0
DA:222,0
DA:223,0
DA:227,0
DA:228,0
DA:231,0
DA:232,0
DA:233,0
DA:235,0
DA:236,0
DA:244,0
DA:265,0
DA:323,0
LF:104
LH:0
BRDA:56,0,0,0
BRDA:56,1,0,0
BRDA:56,1,1,0
BRDA:105,2,0,0
BRDA:106,3,0,0
BRDA:124,4,0,0
BRDA:124,4,1,0
BRDA:133,5,0,0
BRDA:133,5,1,0
BRDA:147,6,0,0
BRDA:153,7,0,0
BRDA:153,7,1,0
BRDA:170,8,0,0
BRDA:178,9,0,0
BRDA:178,9,1,0
BRDA:178,10,0,0
BRDA:178,10,1,0
BRDA:181,11,0,0
BRDA:181,12,0,0
BRDA:181,12,1,0
BRDA:189,13,0,0
BRDA:198,14,0,0
BRDA:198,14,1,0
BRDA:222,15,0,0
BRDA:222,16,0,0
BRDA:222,16,1,0
BRDA:232,17,0,0
BRDA:247,18,0,0
BRDA:251,19,0,0
BRDA:267,20,0,0
BRDA:267,20,1,0
BRDA:271,21,0,0
BRDA:271,21,1,0
BRDA:278,22,0,0
BRDA:280,23,0,0
BRDA:280,23,1,0
BRDA:283,24,0,0
BRDA:289,25,0,0
BRDA:296,26,0,0
BRDA:296,26,1,0
BRDA:327,27,0,0
BRDA:327,27,1,0
BRDA:333,28,0,0
BRDA:333,28,1,0
BRDA:338,29,0,0
BRDA:338,29,1,0
BRDA:346,30,0,0
BRDA:346,30,1,0
BRDA:351,31,0,0
BRDA:351,31,1,0
BRDA:352,32,0,0
BRDA:352,32,1,0
BRDA:362,33,0,0
BRF:53
BRH:0
end_of_record
TN:
SF:src\components\ContactForm.tsx
FN:15,ContactForm
FN:26,(anonymous_2)
FN:57,(anonymous_3)
FN:64,(anonymous_4)
FN:66,(anonymous_5)
FN:72,(anonymous_6)
FNF:6
FNH:6
FNDA:182,ContactForm
FNDA:3,(anonymous_2)
FNDA:3,(anonymous_3)
FNDA:171,(anonymous_4)
FNDA:171,(anonymous_5)
FNDA:3,(anonymous_6)
DA:1,1
DA:15,5
DA:16,182
DA:24,182
DA:26,182
DA:27,3
DA:29,3
DA:30,1
DA:33,3
DA:34,1
DA:35,2
DA:36,0
DA:39,3
DA:40,1
DA:41,2
DA:42,1
DA:45,3
DA:46,1
DA:49,3
DA:50,1
DA:53,3
DA:54,3
DA:57,182
DA:58,3
DA:59,3
DA:60,1
DA:64,182
DA:65,171
DA:66,171
DA:72,182
DA:73,3
DA:74,3
DA:75,3
DA:76,3
DA:77,1
DA:79,2
DA:81,3
LF:37
LH:36
BRDA:29,0,0,1
BRDA:33,1,0,1
BRDA:33,1,1,2
BRDA:35,2,0,0
BRDA:39,3,0,1
BRDA:39,3,1,2
BRDA:41,4,0,1
BRDA:45,5,0,1
BRDA:49,6,0,1
BRDA:59,7,0,1
BRDA:74,8,0,3
BRDA:74,9,0,3
BRDA:74,9,1,3
BRDA:76,10,0,1
BRDA:76,10,1,2
BRDA:99,11,0,182
BRDA:115,12,0,182
BRDA:130,13,0,182
BRDA:145,14,0,182
BRDA:160,15,0,182
BRF:20
BRH:19
end_of_record
TN:
SF:src\components\DepartmentCard.tsx
FN:21,DepartmentCard
FN:43,(anonymous_6)
FN:51,(anonymous_7)
FNF:3
FNH:3
FNDA:5,DepartmentCard
FNDA:15,(anonymous_6)
FNDA:10,(anonymous_7)
DA:1,1
DA:2,1
DA:4,1
DA:21,5
DA:22,5
DA:44,15
DA:52,10
LF:7
LH:7
BRDA:36,0,0,5
BRF:1
BRH:1
end_of_record
TN:
SF:src\components\DoctorCard.tsx
FN:23,DoctorCard
FNF:1
FNH:1
FNDA:7,DoctorCard
DA:1,1
DA:2,1
DA:23,7
LF:3
LH:3
BRF:0
BRH:0
end_of_record
TN:
SF:src\components\Footer.tsx
FN:3,(anonymous_1)
FNF:1
FNH:1
FNDA:5,(anonymous_1)
DA:1,1
DA:3,1
DA:73,5
LF:3
LH:3
BRF:0
BRH:0
end_of_record
TN:
SF:src\components\Hero.tsx
FN:1,Hero
FNF:1
FNH:1
FNDA:4,Hero
DA:1,4
LF:1
LH:1
BRF:0
BRH:0
end_of_record
TN:
SF:src\components\Navigation.tsx
FN:52,Navigation
FN:57,(anonymous_3)
FN:58,handleClickOutside
FN:65,(anonymous_5)
FN:70,(anonymous_6)
FN:98,(anonymous_7)
FN:110,(anonymous_8)
FN:117,(anonymous_9)
FN:127,(anonymous_10)
FN:134,(anonymous_11)
FN:151,(anonymous_12)
FN:163,(anonymous_13)
FN:170,(anonymous_14)
FN:177,(anonymous_15)
FN:203,(anonymous_16)
FN:223,(anonymous_17)
FN:231,(anonymous_18)
FN:238,(anonymous_19)
FN:255,(anonymous_20)
FN:266,(anonymous_21)
FN:276,(anonymous_22)
FN:286,(anonymous_23)
FNF:22
FNH:3
FNDA:2,Navigation
FNDA:2,(anonymous_3)
FNDA:0,handleClickOutside
FNDA:2,(anonymous_5)
FNDA:0,(anonymous_6)
FNDA:0,(anonymous_7)
FNDA:0,(anonymous_8)
FNDA:0,(anonymous_9)
FNDA:0,(anonymous_10)
FNDA:0,(anonymous_11)
FNDA:0,(anonymous_12)
FNDA:0,(anonymous_13)
FNDA:0,(anonymous_14)
FNDA:0,(anonymous_15)
FNDA:0,(anonymous_16)
FNDA:0,(anonymous_17)
FNDA:0,(anonymous_18)
FNDA:0,(anonymous_19)
FNDA:0,(anonymous_20)
FNDA:0,(anonymous_21)
FNDA:0,(anonymous_22)
FNDA:0,(anonymous_23)
DA:3,1
DA:4,1
DA:24,1
DA:25,1
DA:28,1
DA:52,2
DA:53,2
DA:54,2
DA:55,2
DA:57,2
DA:59,0
DA:60,0
DA:64,2
DA:65,2
DA:66,2
DA:70,2
DA:71,0
DA:75,2
DA:76,2
DA:77,2
DA:98,0
DA:111,0
DA:112,0
DA:117,0
DA:128,0
DA:129,0
DA:134,0
DA:151,0
DA:163,0
DA:170,0
DA:177,0
DA:203,0
DA:223,0
DA:232,0
DA:233,0
DA:239,0
DA:240,0
DA:255,0
DA:267,0
DA:268,0
DA:277,0
DA:278,0
DA:287,0
DA:288,0
LF:44
LH:17
BRDA:59,0,0,0
BRDA:59,1,0,0
BRDA:59,1,1,0
BRDA:71,2,0,0
BRDA:71,2,1,0
BRDA:102,3,0,0
BRDA:102,3,1,2
BRDA:104,4,0,2
BRDA:119,5,0,0
BRDA:136,6,0,0
BRDA:155,7,0,0
BRDA:155,7,1,2
BRDA:157,8,0,2
BRDA:206,9,0,0
BRDA:213,10,0,2
BRDA:227,11,0,0
BRDA:227,11,1,0
BRDA:229,12,0,0
BRDA:243,13,0,0
BRDA:259,14,0,0
BRDA:259,14,1,0
BRDA:261,15,0,0
BRF:22
BRH:5
end_of_record
TN:
SF:src\config\api.ts
FN:2,(anonymous_1)
FN:10,(anonymous_2)
FN:11,(anonymous_3)
FNF:3
FNH:0
FNDA:0,(anonymous_1)
FNDA:0,(anonymous_2)
FNDA:0,(anonymous_3)
DA:2,0
DA:3,0
DA:9,0
DA:10,0
DA:11,0
DA:13,0
DA:14,0
DA:16,0
DA:20,0
DA:21,0
DA:23,0
DA:24,0
DA:31,0
DA:32,0
DA:40,0
DA:42,0
LF:16
LH:0
BRDA:13,0,0,0
BRDA:13,0,1,0
BRDA:23,1,0,0
BRDA:31,2,0,0
BRDA:43,3,0,0
BRDA:43,3,1,0
BRDA:44,4,0,0
BRDA:44,4,1,0
BRDA:47,5,0,0
BRDA:47,5,1,0
BRDA:48,6,0,0
BRDA:48,6,1,0
BRDA:49,7,0,0
BRDA:49,7,1,0
BRF:14
BRH:0
end_of_record
TN:
SF:src\data\departments.ts
FNF:0
FNH:0
DA:17,1
DA:41,6
LF:2
LH:2
BRF:0
BRH:0
end_of_record
TN:
SF:src\data\doctors.ts
FNF:0
FNH:0
DA:17,0
LF:1
LH:0
BRF:0
BRH:0
end_of_record
TN:
SF:src\services\api.ts
FN:30,(anonymous_2)
FN:53,(anonymous_3)
FN:66,(anonymous_4)
FNF:3
FNH:0
FNDA:0,(anonymous_2)
FNDA:0,(anonymous_3)
FNDA:0,(anonymous_4)
DA:1,0
DA:2,0
DA:5,0
DA:14,0
DA:28,0
DA:31,0
DA:32,0
DA:40,0
DA:41,0
DA:44,0
DA:45,0
DA:47,0
DA:48,0
DA:54,0
DA:55,0
DA:60,0
DA:63,0
DA:66,0
DA:67,0
DA:69,0
DA:72,0
DA:74,0
DA:75,0
LF:23
LH:0
BRDA:40,0,0,0
BRF:1
BRH:0
end_of_record
